2022-06-07 17:42:43.254 [main] DEBUG io.github.bonigarcia.wdm.cache.ResolutionCache - Removing resolution chrome=102 from cache (expired on 2022-06-07T10:25:43.000-0400)
2022-06-07 17:42:43.284 [main] DEBUG org.apache.hc.client5.http.impl.classic.InternalHttpClient - ex-0000000001 preparing request execution
2022-06-07 17:42:43.293 [main] DEBUG org.apache.hc.client5.http.protocol.RequestAddCookies - ex-0000000001 Cookie spec selected: strict
2022-06-07 17:42:43.304 [main] DEBUG org.apache.hc.client5.http.protocol.RequestAuthCache - ex-0000000001 Auth cache not set in the context
2022-06-07 17:42:43.304 [main] DEBUG org.apache.hc.client5.http.impl.classic.ProtocolExec - ex-0000000001 target auth state: UNCHALLENGED
2022-06-07 17:42:43.305 [main] DEBUG org.apache.hc.client5.http.impl.classic.ProtocolExec - ex-0000000001 proxy auth state: UNCHALLENGED
2022-06-07 17:42:43.306 [main] DEBUG org.apache.hc.client5.http.impl.classic.ConnectExec - ex-0000000001 acquiring connection with route {s}->https://raw.githubusercontent.com:443
2022-06-07 17:42:43.306 [main] DEBUG org.apache.hc.client5.http.impl.classic.InternalHttpClient - ex-0000000001 acquiring endpoint (3 MINUTES)
2022-06-07 17:42:43.308 [main] DEBUG org.apache.hc.client5.http.impl.io.PoolingHttpClientConnectionManager - ex-0000000001 endpoint lease request (3 MINUTES) [route: {s}->https://raw.githubusercontent.com:443][total available: 0; route allocated: 0 of 5; total allocated: 0 of 25]
2022-06-07 17:42:43.313 [main] DEBUG org.apache.hc.client5.http.impl.io.PoolingHttpClientConnectionManager - ex-0000000001 endpoint leased [route: {s}->https://raw.githubusercontent.com:443][total available: 0; route allocated: 1 of 5; total allocated: 1 of 25]
2022-06-07 17:42:43.326 [main] DEBUG org.apache.hc.client5.http.impl.io.PoolingHttpClientConnectionManager - ex-0000000001 acquired ep-0000000000
2022-06-07 17:42:43.327 [main] DEBUG org.apache.hc.client5.http.impl.classic.InternalHttpClient - ex-0000000001 acquired endpoint ep-0000000000
2022-06-07 17:42:43.327 [main] DEBUG org.apache.hc.client5.http.impl.classic.ConnectExec - ex-0000000001 opening connection {s}->https://raw.githubusercontent.com:443
2022-06-07 17:42:43.328 [main] DEBUG org.apache.hc.client5.http.impl.classic.InternalHttpClient - ep-0000000000 connecting endpoint (30 SECONDS)
2022-06-07 17:42:43.328 [main] DEBUG org.apache.hc.client5.http.impl.io.PoolingHttpClientConnectionManager - ep-0000000000 connecting endpoint to https://raw.githubusercontent.com:443 (30 SECONDS)
2022-06-07 17:42:43.366 [main] DEBUG org.apache.hc.client5.http.impl.io.DefaultHttpClientConnectionOperator - http-outgoing-0 connecting to raw.githubusercontent.com/185.199.111.133:443
2022-06-07 17:42:43.367 [main] DEBUG org.apache.hc.client5.http.ssl.SSLConnectionSocketFactory - Connecting socket to raw.githubusercontent.com/185.199.111.133:443 with timeout 30 SECONDS
2022-06-07 17:42:43.492 [main] DEBUG org.apache.hc.client5.http.ssl.SSLConnectionSocketFactory - Enabled protocols: [TLSv1.3, TLSv1.2]
2022-06-07 17:42:43.493 [main] DEBUG org.apache.hc.client5.http.ssl.SSLConnectionSocketFactory - Enabled cipher suites: [TLS_AES_256_GCM_SHA384, TLS_AES_128_GCM_SHA256, TLS_CHACHA20_POLY1305_SHA256, TLS_ECDHE_ECDSA_WITH_AES_256_GCM_SHA384, TLS_ECDHE_ECDSA_WITH_AES_128_GCM_SHA256, TLS_ECDHE_ECDSA_WITH_CHACHA20_POLY1305_SHA256, TLS_ECDHE_RSA_WITH_AES_256_GCM_SHA384, TLS_ECDHE_RSA_WITH_CHACHA20_POLY1305_SHA256, TLS_ECDHE_RSA_WITH_AES_128_GCM_SHA256, TLS_DHE_RSA_WITH_AES_256_GCM_SHA384, TLS_DHE_RSA_WITH_CHACHA20_POLY1305_SHA256, TLS_DHE_DSS_WITH_AES_256_GCM_SHA384, TLS_DHE_RSA_WITH_AES_128_GCM_SHA256, TLS_DHE_DSS_WITH_AES_128_GCM_SHA256, TLS_ECDHE_ECDSA_WITH_AES_256_CBC_SHA384, TLS_ECDHE_RSA_WITH_AES_256_CBC_SHA384, TLS_ECDHE_ECDSA_WITH_AES_128_CBC_SHA256, TLS_ECDHE_RSA_WITH_AES_128_CBC_SHA256, TLS_DHE_RSA_WITH_AES_256_CBC_SHA256, TLS_DHE_DSS_WITH_AES_256_CBC_SHA256, TLS_DHE_RSA_WITH_AES_128_CBC_SHA256, TLS_DHE_DSS_WITH_AES_128_CBC_SHA256, TLS_ECDH_ECDSA_WITH_AES_256_GCM_SHA384, TLS_ECDH_RSA_WITH_AES_256_GCM_SHA384, TLS_ECDH_ECDSA_WITH_AES_128_GCM_SHA256, TLS_ECDH_RSA_WITH_AES_128_GCM_SHA256, TLS_ECDH_ECDSA_WITH_AES_256_CBC_SHA384, TLS_ECDH_RSA_WITH_AES_256_CBC_SHA384, TLS_ECDH_ECDSA_WITH_AES_128_CBC_SHA256, TLS_ECDH_RSA_WITH_AES_128_CBC_SHA256, TLS_ECDHE_ECDSA_WITH_AES_256_CBC_SHA, TLS_ECDHE_RSA_WITH_AES_256_CBC_SHA, TLS_ECDHE_ECDSA_WITH_AES_128_CBC_SHA, TLS_ECDHE_RSA_WITH_AES_128_CBC_SHA, TLS_DHE_RSA_WITH_AES_256_CBC_SHA, TLS_DHE_DSS_WITH_AES_256_CBC_SHA, TLS_DHE_RSA_WITH_AES_128_CBC_SHA, TLS_DHE_DSS_WITH_AES_128_CBC_SHA, TLS_ECDH_ECDSA_WITH_AES_256_CBC_SHA, TLS_ECDH_RSA_WITH_AES_256_CBC_SHA, TLS_ECDH_ECDSA_WITH_AES_128_CBC_SHA, TLS_ECDH_RSA_WITH_AES_128_CBC_SHA, TLS_RSA_WITH_AES_256_GCM_SHA384, TLS_RSA_WITH_AES_128_GCM_SHA256, TLS_RSA_WITH_AES_256_CBC_SHA256, TLS_RSA_WITH_AES_128_CBC_SHA256, TLS_RSA_WITH_AES_256_CBC_SHA, TLS_RSA_WITH_AES_128_CBC_SHA, TLS_EMPTY_RENEGOTIATION_INFO_SCSV]
2022-06-07 17:42:43.494 [main] DEBUG org.apache.hc.client5.http.ssl.SSLConnectionSocketFactory - Starting handshake
2022-06-07 17:42:43.808 [main] DEBUG org.apache.hc.client5.http.ssl.SSLConnectionSocketFactory - Secure session established
2022-06-07 17:42:43.809 [main] DEBUG org.apache.hc.client5.http.ssl.SSLConnectionSocketFactory -  negotiated protocol: TLSv1.3
2022-06-07 17:42:43.809 [main] DEBUG org.apache.hc.client5.http.ssl.SSLConnectionSocketFactory -  negotiated cipher suite: TLS_AES_256_GCM_SHA384
2022-06-07 17:42:43.811 [main] DEBUG org.apache.hc.client5.http.ssl.SSLConnectionSocketFactory -  peer principal: CN=*.github.io, O="GitHub, Inc.", L=San Francisco, ST=California, C=US
2022-06-07 17:42:43.811 [main] DEBUG org.apache.hc.client5.http.ssl.SSLConnectionSocketFactory -  peer alternative names: [*.github.io, github.com, *.github.com, www.github.com, github.io, githubusercontent.com, *.githubusercontent.com]
2022-06-07 17:42:43.811 [main] DEBUG org.apache.hc.client5.http.ssl.SSLConnectionSocketFactory -  issuer principal: CN=DigiCert TLS RSA SHA256 2020 CA1, O=DigiCert Inc, C=US
2022-06-07 17:42:43.813 [main] DEBUG org.apache.hc.client5.http.impl.io.DefaultHttpClientConnectionOperator - http-outgoing-0 connection established 192.168.100.108:54071<->185.199.111.133:443
2022-06-07 17:42:43.813 [main] DEBUG org.apache.hc.client5.http.impl.io.PoolingHttpClientConnectionManager - ep-0000000000 connected http-outgoing-0
2022-06-07 17:42:43.813 [main] DEBUG org.apache.hc.client5.http.impl.classic.InternalHttpClient - ep-0000000000 endpoint connected
2022-06-07 17:42:43.814 [main] DEBUG org.apache.hc.client5.http.impl.classic.MainClientExec - ex-0000000001 executing GET /bonigarcia/webdrivermanager/master/src/main/resources/commands.properties HTTP/1.1
2022-06-07 17:42:43.814 [main] DEBUG org.apache.hc.client5.http.impl.classic.InternalHttpClient - ep-0000000000 start execution ex-0000000001
2022-06-07 17:42:43.814 [main] DEBUG org.apache.hc.client5.http.impl.io.PoolingHttpClientConnectionManager - ep-0000000000 executing exchange ex-0000000001 over http-outgoing-0
2022-06-07 17:42:43.814 [main] DEBUG org.apache.hc.client5.http.headers - http-outgoing-0 >> GET /bonigarcia/webdrivermanager/master/src/main/resources/commands.properties HTTP/1.1
2022-06-07 17:42:43.815 [main] DEBUG org.apache.hc.client5.http.headers - http-outgoing-0 >> user-agent: Apache-HttpClient/5.0
2022-06-07 17:42:43.815 [main] DEBUG org.apache.hc.client5.http.headers - http-outgoing-0 >> accept-encoding: gzip, deflate, br
2022-06-07 17:42:43.815 [main] DEBUG org.apache.hc.client5.http.headers - http-outgoing-0 >> cache-control: max-age=0
2022-06-07 17:42:43.815 [main] DEBUG org.apache.hc.client5.http.headers - http-outgoing-0 >> connection: keep-alive
2022-06-07 17:42:43.815 [main] DEBUG org.apache.hc.client5.http.headers - http-outgoing-0 >> Host: raw.githubusercontent.com
2022-06-07 17:42:43.816 [main] DEBUG org.apache.hc.client5.http.wire - http-outgoing-0 >> "GET /bonigarcia/webdrivermanager/master/src/main/resources/commands.properties HTTP/1.1[\r][\n]"
2022-06-07 17:42:43.816 [main] DEBUG org.apache.hc.client5.http.wire - http-outgoing-0 >> "user-agent: Apache-HttpClient/5.0[\r][\n]"
2022-06-07 17:42:43.816 [main] DEBUG org.apache.hc.client5.http.wire - http-outgoing-0 >> "accept-encoding: gzip, deflate, br[\r][\n]"
2022-06-07 17:42:43.816 [main] DEBUG org.apache.hc.client5.http.wire - http-outgoing-0 >> "cache-control: max-age=0[\r][\n]"
2022-06-07 17:42:43.817 [main] DEBUG org.apache.hc.client5.http.wire - http-outgoing-0 >> "connection: keep-alive[\r][\n]"
2022-06-07 17:42:43.817 [main] DEBUG org.apache.hc.client5.http.wire - http-outgoing-0 >> "Host: raw.githubusercontent.com[\r][\n]"
2022-06-07 17:42:43.817 [main] DEBUG org.apache.hc.client5.http.wire - http-outgoing-0 >> "[\r][\n]"
2022-06-07 17:42:43.851 [main] DEBUG org.apache.hc.client5.http.wire - http-outgoing-0 << "HTTP/1.1 200 OK[\r][\n]"
2022-06-07 17:42:43.851 [main] DEBUG org.apache.hc.client5.http.wire - http-outgoing-0 << "Connection: keep-alive[\r][\n]"
2022-06-07 17:42:43.851 [main] DEBUG org.apache.hc.client5.http.wire - http-outgoing-0 << "Content-Length: 723[\r][\n]"
2022-06-07 17:42:43.852 [main] DEBUG org.apache.hc.client5.http.wire - http-outgoing-0 << "Cache-Control: max-age=300[\r][\n]"
2022-06-07 17:42:43.852 [main] DEBUG org.apache.hc.client5.http.wire - http-outgoing-0 << "Content-Security-Policy: default-src 'none'; style-src 'unsafe-inline'; sandbox[\r][\n]"
2022-06-07 17:42:43.852 [main] DEBUG org.apache.hc.client5.http.wire - http-outgoing-0 << "Content-Type: text/plain; charset=utf-8[\r][\n]"
2022-06-07 17:42:43.853 [main] DEBUG org.apache.hc.client5.http.wire - http-outgoing-0 << "ETag: W/"e82b438271e9e8680c688b0b680efd0bdd22faa6d6f0a32fc1fd8accc486b67e"[\r][\n]"
2022-06-07 17:42:43.853 [main] DEBUG org.apache.hc.client5.http.wire - http-outgoing-0 << "Strict-Transport-Security: max-age=31536000[\r][\n]"
2022-06-07 17:42:43.853 [main] DEBUG org.apache.hc.client5.http.wire - http-outgoing-0 << "X-Content-Type-Options: nosniff[\r][\n]"
2022-06-07 17:42:43.853 [main] DEBUG org.apache.hc.client5.http.wire - http-outgoing-0 << "X-Frame-Options: deny[\r][\n]"
2022-06-07 17:42:43.854 [main] DEBUG org.apache.hc.client5.http.wire - http-outgoing-0 << "X-XSS-Protection: 1; mode=block[\r][\n]"
2022-06-07 17:42:43.854 [main] DEBUG org.apache.hc.client5.http.wire - http-outgoing-0 << "X-GitHub-Request-Id: EDF0:68CA:20E63F:3C870B:629D77EE[\r][\n]"
2022-06-07 17:42:43.854 [main] DEBUG org.apache.hc.client5.http.wire - http-outgoing-0 << "Content-Encoding: gzip[\r][\n]"
2022-06-07 17:42:43.854 [main] DEBUG org.apache.hc.client5.http.wire - http-outgoing-0 << "Accept-Ranges: bytes[\r][\n]"
2022-06-07 17:42:43.855 [main] DEBUG org.apache.hc.client5.http.wire - http-outgoing-0 << "Date: Tue, 07 Jun 2022 21:42:44 GMT[\r][\n]"
2022-06-07 17:42:43.855 [main] DEBUG org.apache.hc.client5.http.wire - http-outgoing-0 << "Via: 1.1 varnish[\r][\n]"
2022-06-07 17:42:43.855 [main] DEBUG org.apache.hc.client5.http.wire - http-outgoing-0 << "X-Served-By: cache-yyz4525-YYZ[\r][\n]"
2022-06-07 17:42:43.855 [main] DEBUG org.apache.hc.client5.http.wire - http-outgoing-0 << "X-Cache: HIT[\r][\n]"
2022-06-07 17:42:43.855 [main] DEBUG org.apache.hc.client5.http.wire - http-outgoing-0 << "X-Cache-Hits: 1[\r][\n]"
2022-06-07 17:42:43.856 [main] DEBUG org.apache.hc.client5.http.wire - http-outgoing-0 << "X-Timer: S1654638164.102755,VS0,VE1[\r][\n]"
2022-06-07 17:42:43.856 [main] DEBUG org.apache.hc.client5.http.wire - http-outgoing-0 << "Vary: Authorization,Accept-Encoding,Origin[\r][\n]"
2022-06-07 17:42:43.856 [main] DEBUG org.apache.hc.client5.http.wire - http-outgoing-0 << "Access-Control-Allow-Origin: *[\r][\n]"
2022-06-07 17:42:43.856 [main] DEBUG org.apache.hc.client5.http.wire - http-outgoing-0 << "X-Fastly-Request-ID: 3d09d05d04c239477974a733cd4488fa27c4fe41[\r][\n]"
2022-06-07 17:42:43.857 [main] DEBUG org.apache.hc.client5.http.wire - http-outgoing-0 << "Expires: Tue, 07 Jun 2022 21:47:44 GMT[\r][\n]"
2022-06-07 17:42:43.857 [main] DEBUG org.apache.hc.client5.http.wire - http-outgoing-0 << "Source-Age: 89[\r][\n]"
2022-06-07 17:42:43.857 [main] DEBUG org.apache.hc.client5.http.wire - http-outgoing-0 << "[\r][\n]"
2022-06-07 17:42:43.861 [main] DEBUG org.apache.hc.client5.http.headers - http-outgoing-0 << HTTP/1.1 200 OK
2022-06-07 17:42:43.861 [main] DEBUG org.apache.hc.client5.http.headers - http-outgoing-0 << Connection: keep-alive
2022-06-07 17:42:43.861 [main] DEBUG org.apache.hc.client5.http.headers - http-outgoing-0 << Content-Length: 723
2022-06-07 17:42:43.861 [main] DEBUG org.apache.hc.client5.http.headers - http-outgoing-0 << Cache-Control: max-age=300
2022-06-07 17:42:43.861 [main] DEBUG org.apache.hc.client5.http.headers - http-outgoing-0 << Content-Security-Policy: default-src 'none'; style-src 'unsafe-inline'; sandbox
2022-06-07 17:42:43.862 [main] DEBUG org.apache.hc.client5.http.headers - http-outgoing-0 << Content-Type: text/plain; charset=utf-8
2022-06-07 17:42:43.862 [main] DEBUG org.apache.hc.client5.http.headers - http-outgoing-0 << ETag: W/"e82b438271e9e8680c688b0b680efd0bdd22faa6d6f0a32fc1fd8accc486b67e"
2022-06-07 17:42:43.862 [main] DEBUG org.apache.hc.client5.http.headers - http-outgoing-0 << Strict-Transport-Security: max-age=31536000
2022-06-07 17:42:43.863 [main] DEBUG org.apache.hc.client5.http.headers - http-outgoing-0 << X-Content-Type-Options: nosniff
2022-06-07 17:42:43.863 [main] DEBUG org.apache.hc.client5.http.headers - http-outgoing-0 << X-Frame-Options: deny
2022-06-07 17:42:43.863 [main] DEBUG org.apache.hc.client5.http.headers - http-outgoing-0 << X-XSS-Protection: 1; mode=block
2022-06-07 17:42:43.863 [main] DEBUG org.apache.hc.client5.http.headers - http-outgoing-0 << X-GitHub-Request-Id: EDF0:68CA:20E63F:3C870B:629D77EE
2022-06-07 17:42:43.863 [main] DEBUG org.apache.hc.client5.http.headers - http-outgoing-0 << Content-Encoding: gzip
2022-06-07 17:42:43.863 [main] DEBUG org.apache.hc.client5.http.headers - http-outgoing-0 << Accept-Ranges: bytes
2022-06-07 17:42:43.863 [main] DEBUG org.apache.hc.client5.http.headers - http-outgoing-0 << Date: Tue, 07 Jun 2022 21:42:44 GMT
2022-06-07 17:42:43.864 [main] DEBUG org.apache.hc.client5.http.headers - http-outgoing-0 << Via: 1.1 varnish
2022-06-07 17:42:43.864 [main] DEBUG org.apache.hc.client5.http.headers - http-outgoing-0 << X-Served-By: cache-yyz4525-YYZ
2022-06-07 17:42:43.864 [main] DEBUG org.apache.hc.client5.http.headers - http-outgoing-0 << X-Cache: HIT
2022-06-07 17:42:43.864 [main] DEBUG org.apache.hc.client5.http.headers - http-outgoing-0 << X-Cache-Hits: 1
2022-06-07 17:42:43.864 [main] DEBUG org.apache.hc.client5.http.headers - http-outgoing-0 << X-Timer: S1654638164.102755,VS0,VE1
2022-06-07 17:42:43.864 [main] DEBUG org.apache.hc.client5.http.headers - http-outgoing-0 << Vary: Authorization,Accept-Encoding,Origin
2022-06-07 17:42:43.864 [main] DEBUG org.apache.hc.client5.http.headers - http-outgoing-0 << Access-Control-Allow-Origin: *
2022-06-07 17:42:43.865 [main] DEBUG org.apache.hc.client5.http.headers - http-outgoing-0 << X-Fastly-Request-ID: 3d09d05d04c239477974a733cd4488fa27c4fe41
2022-06-07 17:42:43.865 [main] DEBUG org.apache.hc.client5.http.headers - http-outgoing-0 << Expires: Tue, 07 Jun 2022 21:47:44 GMT
2022-06-07 17:42:43.865 [main] DEBUG org.apache.hc.client5.http.headers - http-outgoing-0 << Source-Age: 89
2022-06-07 17:42:43.869 [main] DEBUG org.apache.hc.client5.http.impl.classic.MainClientExec - ex-0000000001 connection can be kept alive for 3 MINUTES
2022-06-07 17:42:43.880 [main] DEBUG org.apache.hc.client5.http.wire - http-outgoing-0 << "[0x1f][0xffffff8b][0x8][0x0][0x0][0x0][0x0][0x0][0x0][0x3][0xffffffb5]V]o[0xffffffda]0[0x14]}[0xffffffe7]W\[0xffffff81]*[0xffffffb5][0x12][0x1f][[M[0xffffffd3]$[0x1e]hF[0xffffffbb]i [0x18][0xffffffb4][0xffffffdd]&[0xfffffff9][0xffffffc5]$7[0xffffffc1]R[0x12]#;[0xffffff94]v[0xffffffbf]~[0xffffffb6][0xfffffff3]1[0xffffff92][0xffffff9a][0xffffffc1][0x1a]x[0xffffffcb][0xffffffb5][0xffffffaf][0xffffffcf]9[0xffffffbe][0xfffffff7]8v[0xb][0x1c][0x1e]E4[0xfffffff6]$x4[0xffffffa1][0xb]*[0xffffffb1][0xffffffd1][0xffffff82][0xfffffffb]%[0xffffff93][0xffffffe0][0xffffffb3][0x10][0xffffffc1][0xffffffe5]qBY,!Y[0xffffffea] KM8,[0x10][0xfffffff0][0x19][0xffffffdd]u[0xffffff82][0x1e][0xffffffb0][0xffffffd8]L[0xffffffcb]%[0xffffff86][0xffffffa1][0xe][0xffffffb8][0xfffffff0]P[0xffffffe8]$[0xf][0x13]t[0x13]3[0xfffffff9][0xffffff84]B2[0xffffffae][0xffffffe6]|@[0xfffffff5][0x1d][0x8][0xffffffc4][0x18][0x16][0xffffff82]o[0xffffffa4][0xffffff9a]P[0xffffff94][0xffffffe7][0xffffffce]R[0xfffffff0][0x8][0xffffffdb]p[0xffffffcb][0x4][0xfffffffa][0xfffffffc][0xffffffb9][\r][0xffffff93][0x15][\n]"
2022-06-07 17:42:43.881 [main] DEBUG org.apache.hc.client5.http.wire - http-outgoing-0 << "[0xffffffda][0xffffff86][0xffffffa1][0x17][0xffffffa8]Q3[0xffffffcb][0xffffffd6][0xffffffd1][0xffffff85][0xffffffc6][0xfffffff7][0xffffff98][0xffffffef][0xffffffa3][0xffffffc0]8[0x1][0xffffffae]s[0x12][0x16][0x7] _d[0xffffff82][0xffffff91][0xffffff84][0xfffffff3][0x1f],[0xfffffff6][0x14]j[0x1b]F,^+[0xffffff98]1ua2[0xffffffbf]h([0xffffff8e][0xffffff94][0xffffffa2][0xffffff91]m[0xffffffa3][0xffffffeb][0xffffff9a][0xffffffb0][0xffffffbb]I[0x17]t[0xffffffdf][0xffffffbd][0xffffffef][0xffffffbb][0xffffff91][0xffffffd7]U[0xffffffbb][0xffffff82][0xffffff9e][0x3][0xffffff9b][0xffffff88][0xffffffb9][0xffffffa6]$[0xffffffa6][0xc][0xffffff9b][0xffffffa5][0xffffffe2][0xffffff83][0xffffff98]F[0xffffffd8]o[0xffffff9e]Mg[0xffffff93][0xffffffbb][0xffffffd9]`|[0xfffffffb]u4[0xffffff9c][0x7f]"}B[0xffffffce][0x8][0xffffffb9][0xffffffe3]<[0x8][0xffffff91][0xffffff90][0xffffff94][0xffffff82][0xffffff90][0xffffffc1]j[0x15]2WI[0xffffffe3]1![0x19][0xffffff91]BnB[0xffffff80][0x9]<f[0xffffffb5][0xffffffe8]=[0xffffffd1]p[0xffffffbd][[0xffffffcf][0xffffffe5][0x1b][0xfffffff4][0xffffff9c][0xffffffff][0xfffffffc][0xfffffff8][0xffffffe1][0xffffffe2][0xffffff94][0xffffffa2][0xffffffae][0xe][0x14]5[0xffffff9a]8[0xffffff83][0xffffffd1]`:[0xfffffffd]<[0xffffffb8][0x1f][0xffffff9c]R[0xffffffcf]u[0x7f]6[0xffffffbc][0xffffff83][0xffffffef][0xf][0xffffffc3][0xffffffd9]/[0xfffffff8][0xfffffff2][0xffffffcd]y s[0xffffffee]'[0x1b]*0g[0xffffffcb][0xffffffc8]nF7H][0xffffff83][0xffffff97]{[0xffffffb1]Q[0x5][\r][0xffffffb5]c[0xffffffb4][0xf][0x2][0xffffffb3][0xffffffb4][0xffffff93][0xe]C[0xffffffa7][0xffffffb3]kAD][0xffffff9d][0xffffffde][0xffffffdb][0xffffffda][0xffffff88][0xffffffec][0xffffffa5][0xffffffbc][0xffffff99][0xffffffd9][0xffffffba]t[0xffffffb5][0xffffffea]9[0xffffffea][0x10])[0xffffffb7][0xffffffca][0xffffff9e][0xfffffff2][0xffffffe2]d^N[0xffffffd8]FW[0x16][0xffffffcd][0xffffffdc]_[0x10][0xfffffff9]i|[0x1c][0xffffff93][0xffffff8e][0xfffffff9]o[0x16][0xffffff86]4'!$G[0xffffffdf]W[0xfffffff4]W*j[[0xfffffff3]xR[0xffffffae][0xffffffb6][0xc][0xffffffd0],; #[0xffffffa9][0xffffff92]5[0xffffffb5][0x7][0xffffff9c][0xffffffb5][0xffffffd0][0x7f][0xffffff90][0xffffffc7]jgs[0xfffffffc][0xffffffc2][0xb][0xffffffd9][0x0]t[0xffffff9e]^'Y[0xfffffffb][0xffffff9f][0xffffffb1][0xffffffd8]:[0xffffffbf][0xffffff8d][0xffffffa5][0xffffff9a][0xffffffad][0x7f]m[0x5]&[0xffffffaa][0xffffffa0]^[0xffffff9b][0xffffffcb][0x5]f[0xffffffae][0xffffffe0]RU[0xffffff82][0x10]MS9l[0xffffff91]4t[0xfffffffb][0xffffff8a]][0xffffffd6][0xfffffff4][0xffffff96][0xffffffa6][0xffffff9f]P[0xffffffce][0xffffffd5][0xffffffce][0xffffff93][0xffffffff][0xffffff97][0xffffffcc]p[0xfffffffd][0xfffffff3][0xffffffe8][0x1b][0xffffffcc][0xffffffa2][0xffffffd9]Q[0xffffffbe][0xffffffb2][0xffffffa3][0xffffffc7]m'[0xffffffdf][0xffffffe4][[0xfffffffb]^[0xffffffb0][0xffffff9a][0xffffffbe][0xffffffda][0xffffffda]_[0xffffffce][0xffffff80][0xffffffd2][0xffffffc1]7[0xffffffb7]][0xffffffc1]b[0xffffffee][0xffffffb5][0xffffffff]w[0xffffff83][0xffffffed][0xffffffa7];[0x15]<[0x10]4[0xffffff92][0xffffff84][0x18][\n]"
2022-06-07 17:42:43.881 [main] DEBUG org.apache.hc.client5.http.wire - http-outgoing-0 << "BB[0xffffffba][0xffffff8e]][0xffffffb5]jo[0xffffffb9]+"[0xffffffea][0xffffffb4][0xffffffff]h"[0xffffffea]\?5[0xffffffa9][0xffffffaf]k[0xffffffec][0xffffffff]P[0xffffffea][\n]"
2022-06-07 17:42:43.881 [main] DEBUG org.apache.hc.client5.http.wire - http-outgoing-0 << "w[0xffffffe1]K[0x13][0xffffffda][0xffffffec][0xffffff98][0xffffffe6]Y[0xfffffffd]h8m6[0xffffff9c]T[0xffffffc1][0xfffffff2][0xffffffa7][0xffffff91]z_[0xffffff95]o85p[0x1c][0x13][0xffffffe6][0xfffffff0]5[0xffffffee][0xfffffffc][0xffffff92][0xffffff96][0xffffffda][0xfffffff7][0xffffffcf][0xffffffb1][0x5][0x1d][0xffffffea]K[0xffffff9b]9[0xffffff8e][0xffffffad]e[0xfffffff7][0xffffff93][0xffffffa8]`[0xffffffda][0xffffffff][0x1a][0xffffffd2][0xffffff88][0xffffff85][0xfffffffd][0xfffffff2][0xffffff91]N[0xfffffff6]`[0xffffffdf]2[0xffffffcf][0xffffffae]E[0xffffff97][0xffffffc5][0xffffffa2][0xffffff9d][0xffffffef]'[0xffffff9d]mun.[0xffffffd3]f^[0xffffffc7][0xffffff82][0xffffffda][0xffffff82]9[0xfffffff5][0xffffffa9]`[0x5][0xffffffbc]4[0xffffffa1][0x1d]<M[0xffffffb5]A[0xffffffa7]3[[0xffffffc0][0x7f][0x0][0xffffffc1][0xffffffd0]$[0xffffff85][0x1d][\r][0x0][0x0]"
2022-06-07 17:42:43.883 [main] DEBUG org.apache.hc.client5.http.impl.classic.InternalHttpClient - ep-0000000000 releasing valid endpoint
2022-06-07 17:42:43.884 [main] DEBUG org.apache.hc.client5.http.impl.io.PoolingHttpClientConnectionManager - ep-0000000000 releasing endpoint
2022-06-07 17:42:43.884 [main] DEBUG org.apache.hc.client5.http.impl.io.PoolingHttpClientConnectionManager - ep-0000000000 connection http-outgoing-0 can be kept alive for 3 MINUTES
2022-06-07 17:42:43.885 [main] DEBUG org.apache.hc.client5.http.impl.io.PoolingHttpClientConnectionManager - ep-0000000000 connection released [route: {s}->https://raw.githubusercontent.com:443][total available: 1; route allocated: 1 of 5; total allocated: 1 of 25]
2022-06-07 17:42:43.885 [main] DEBUG io.github.bonigarcia.wdm.versions.VersionDetector - Detecting chrome version using online commands.properties
2022-06-07 17:42:43.888 [main] DEBUG io.github.bonigarcia.wdm.versions.Shell - Running command on the shell: [/Applications/Google Chrome.app/Contents/MacOS/Google Chrome, --version]
2022-06-07 17:42:43.950 [main] DEBUG io.github.bonigarcia.wdm.versions.Shell - Result: Google Chrome 102.0.5005.61
2022-06-07 17:42:43.953 [main] DEBUG io.github.bonigarcia.wdm.cache.ResolutionCache - Removing resolution chrome102=102.0.5005.61 from cache (expired on 2022-06-07T10:23:12.000-0400)
2022-06-07 17:42:43.958 [main] DEBUG org.apache.hc.client5.http.impl.classic.InternalHttpClient - ex-0000000002 preparing request execution
2022-06-07 17:42:43.958 [main] DEBUG org.apache.hc.client5.http.protocol.RequestAddCookies - ex-0000000002 Cookie spec selected: strict
2022-06-07 17:42:43.958 [main] DEBUG org.apache.hc.client5.http.protocol.RequestAuthCache - ex-0000000002 Auth cache not set in the context
2022-06-07 17:42:43.958 [main] DEBUG org.apache.hc.client5.http.impl.classic.ProtocolExec - ex-0000000002 target auth state: UNCHALLENGED
2022-06-07 17:42:43.959 [main] DEBUG org.apache.hc.client5.http.impl.classic.ProtocolExec - ex-0000000002 proxy auth state: UNCHALLENGED
2022-06-07 17:42:43.959 [main] DEBUG org.apache.hc.client5.http.impl.classic.ConnectExec - ex-0000000002 acquiring connection with route {s}->https://chromedriver.storage.googleapis.com:443
2022-06-07 17:42:43.959 [main] DEBUG org.apache.hc.client5.http.impl.classic.InternalHttpClient - ex-0000000002 acquiring endpoint (3 MINUTES)
2022-06-07 17:42:43.961 [main] DEBUG org.apache.hc.client5.http.impl.io.PoolingHttpClientConnectionManager - ex-0000000002 endpoint lease request (3 MINUTES) [route: {s}->https://chromedriver.storage.googleapis.com:443][total available: 1; route allocated: 0 of 5; total allocated: 1 of 25]
2022-06-07 17:42:43.963 [main] DEBUG org.apache.hc.client5.http.impl.io.PoolingHttpClientConnectionManager - ex-0000000002 endpoint leased [route: {s}->https://chromedriver.storage.googleapis.com:443][total available: 1; route allocated: 1 of 5; total allocated: 2 of 25]
2022-06-07 17:42:43.964 [main] DEBUG org.apache.hc.client5.http.impl.io.PoolingHttpClientConnectionManager - ex-0000000002 acquired ep-0000000001
2022-06-07 17:42:43.965 [main] DEBUG org.apache.hc.client5.http.impl.classic.InternalHttpClient - ex-0000000002 acquired endpoint ep-0000000001
2022-06-07 17:42:43.965 [main] DEBUG org.apache.hc.client5.http.impl.classic.ConnectExec - ex-0000000002 opening connection {s}->https://chromedriver.storage.googleapis.com:443
2022-06-07 17:42:43.966 [main] DEBUG org.apache.hc.client5.http.impl.classic.InternalHttpClient - ep-0000000001 connecting endpoint (30 SECONDS)
2022-06-07 17:42:43.966 [main] DEBUG org.apache.hc.client5.http.impl.io.PoolingHttpClientConnectionManager - ep-0000000001 connecting endpoint to https://chromedriver.storage.googleapis.com:443 (30 SECONDS)
2022-06-07 17:42:44.029 [main] DEBUG org.apache.hc.client5.http.impl.io.DefaultHttpClientConnectionOperator - http-outgoing-1 connecting to chromedriver.storage.googleapis.com/142.251.41.48:443
2022-06-07 17:42:44.030 [main] DEBUG org.apache.hc.client5.http.ssl.SSLConnectionSocketFactory - Connecting socket to chromedriver.storage.googleapis.com/142.251.41.48:443 with timeout 30 SECONDS
2022-06-07 17:42:44.062 [main] DEBUG org.apache.hc.client5.http.ssl.SSLConnectionSocketFactory - Enabled protocols: [TLSv1.3, TLSv1.2]
2022-06-07 17:42:44.063 [main] DEBUG org.apache.hc.client5.http.ssl.SSLConnectionSocketFactory - Enabled cipher suites: [TLS_AES_256_GCM_SHA384, TLS_AES_128_GCM_SHA256, TLS_CHACHA20_POLY1305_SHA256, TLS_ECDHE_ECDSA_WITH_AES_256_GCM_SHA384, TLS_ECDHE_ECDSA_WITH_AES_128_GCM_SHA256, TLS_ECDHE_ECDSA_WITH_CHACHA20_POLY1305_SHA256, TLS_ECDHE_RSA_WITH_AES_256_GCM_SHA384, TLS_ECDHE_RSA_WITH_CHACHA20_POLY1305_SHA256, TLS_ECDHE_RSA_WITH_AES_128_GCM_SHA256, TLS_DHE_RSA_WITH_AES_256_GCM_SHA384, TLS_DHE_RSA_WITH_CHACHA20_POLY1305_SHA256, TLS_DHE_DSS_WITH_AES_256_GCM_SHA384, TLS_DHE_RSA_WITH_AES_128_GCM_SHA256, TLS_DHE_DSS_WITH_AES_128_GCM_SHA256, TLS_ECDHE_ECDSA_WITH_AES_256_CBC_SHA384, TLS_ECDHE_RSA_WITH_AES_256_CBC_SHA384, TLS_ECDHE_ECDSA_WITH_AES_128_CBC_SHA256, TLS_ECDHE_RSA_WITH_AES_128_CBC_SHA256, TLS_DHE_RSA_WITH_AES_256_CBC_SHA256, TLS_DHE_DSS_WITH_AES_256_CBC_SHA256, TLS_DHE_RSA_WITH_AES_128_CBC_SHA256, TLS_DHE_DSS_WITH_AES_128_CBC_SHA256, TLS_ECDH_ECDSA_WITH_AES_256_GCM_SHA384, TLS_ECDH_RSA_WITH_AES_256_GCM_SHA384, TLS_ECDH_ECDSA_WITH_AES_128_GCM_SHA256, TLS_ECDH_RSA_WITH_AES_128_GCM_SHA256, TLS_ECDH_ECDSA_WITH_AES_256_CBC_SHA384, TLS_ECDH_RSA_WITH_AES_256_CBC_SHA384, TLS_ECDH_ECDSA_WITH_AES_128_CBC_SHA256, TLS_ECDH_RSA_WITH_AES_128_CBC_SHA256, TLS_ECDHE_ECDSA_WITH_AES_256_CBC_SHA, TLS_ECDHE_RSA_WITH_AES_256_CBC_SHA, TLS_ECDHE_ECDSA_WITH_AES_128_CBC_SHA, TLS_ECDHE_RSA_WITH_AES_128_CBC_SHA, TLS_DHE_RSA_WITH_AES_256_CBC_SHA, TLS_DHE_DSS_WITH_AES_256_CBC_SHA, TLS_DHE_RSA_WITH_AES_128_CBC_SHA, TLS_DHE_DSS_WITH_AES_128_CBC_SHA, TLS_ECDH_ECDSA_WITH_AES_256_CBC_SHA, TLS_ECDH_RSA_WITH_AES_256_CBC_SHA, TLS_ECDH_ECDSA_WITH_AES_128_CBC_SHA, TLS_ECDH_RSA_WITH_AES_128_CBC_SHA, TLS_RSA_WITH_AES_256_GCM_SHA384, TLS_RSA_WITH_AES_128_GCM_SHA256, TLS_RSA_WITH_AES_256_CBC_SHA256, TLS_RSA_WITH_AES_128_CBC_SHA256, TLS_RSA_WITH_AES_256_CBC_SHA, TLS_RSA_WITH_AES_128_CBC_SHA, TLS_EMPTY_RENEGOTIATION_INFO_SCSV]
2022-06-07 17:42:44.063 [main] DEBUG org.apache.hc.client5.http.ssl.SSLConnectionSocketFactory - Starting handshake
2022-06-07 17:42:44.301 [main] DEBUG org.apache.hc.client5.http.ssl.SSLConnectionSocketFactory - Secure session established
2022-06-07 17:42:44.301 [main] DEBUG org.apache.hc.client5.http.ssl.SSLConnectionSocketFactory -  negotiated protocol: TLSv1.3
2022-06-07 17:42:44.302 [main] DEBUG org.apache.hc.client5.http.ssl.SSLConnectionSocketFactory -  negotiated cipher suite: TLS_AES_256_GCM_SHA384
2022-06-07 17:42:44.302 [main] DEBUG org.apache.hc.client5.http.ssl.SSLConnectionSocketFactory -  peer principal: CN=*.storage.googleapis.com
2022-06-07 17:42:44.302 [main] DEBUG org.apache.hc.client5.http.ssl.SSLConnectionSocketFactory -  peer alternative names: [*.storage.googleapis.com, *.googleapis.com, commondatastorage.googleapis.com, *.commondatastorage.googleapis.com, storage.googleapis.com, storage.mtls.googleapis.com, *.appspot.com.storage.googleapis.com, *.content-storage.googleapis.com, *.content-storage-p2.googleapis.com, *.content-storage-upload.googleapis.com, *.content-storage-download.googleapis.com, *.storage-upload.googleapis.com, *.storage-download.googleapis.com]
2022-06-07 17:42:44.302 [main] DEBUG org.apache.hc.client5.http.ssl.SSLConnectionSocketFactory -  issuer principal: CN=GTS CA 1C3, O=Google Trust Services LLC, C=US
2022-06-07 17:42:44.303 [main] DEBUG org.apache.hc.client5.http.impl.io.DefaultHttpClientConnectionOperator - http-outgoing-1 connection established 192.168.100.108:54076<->142.251.41.48:443
2022-06-07 17:42:44.303 [main] DEBUG org.apache.hc.client5.http.impl.io.PoolingHttpClientConnectionManager - ep-0000000001 connected http-outgoing-1
2022-06-07 17:42:44.303 [main] DEBUG org.apache.hc.client5.http.impl.classic.InternalHttpClient - ep-0000000001 endpoint connected
2022-06-07 17:42:44.304 [main] DEBUG org.apache.hc.client5.http.impl.classic.MainClientExec - ex-0000000002 executing GET /LATEST_RELEASE_102 HTTP/1.1
2022-06-07 17:42:44.304 [main] DEBUG org.apache.hc.client5.http.impl.classic.InternalHttpClient - ep-0000000001 start execution ex-0000000002
2022-06-07 17:42:44.304 [main] DEBUG org.apache.hc.client5.http.impl.io.PoolingHttpClientConnectionManager - ep-0000000001 executing exchange ex-0000000002 over http-outgoing-1
2022-06-07 17:42:44.304 [main] DEBUG org.apache.hc.client5.http.headers - http-outgoing-1 >> GET /LATEST_RELEASE_102 HTTP/1.1
2022-06-07 17:42:44.305 [main] DEBUG org.apache.hc.client5.http.headers - http-outgoing-1 >> user-agent: Apache-HttpClient/5.0
2022-06-07 17:42:44.305 [main] DEBUG org.apache.hc.client5.http.headers - http-outgoing-1 >> accept-encoding: gzip, deflate, br
2022-06-07 17:42:44.305 [main] DEBUG org.apache.hc.client5.http.headers - http-outgoing-1 >> cache-control: max-age=0
2022-06-07 17:42:44.306 [main] DEBUG org.apache.hc.client5.http.headers - http-outgoing-1 >> connection: keep-alive
2022-06-07 17:42:44.306 [main] DEBUG org.apache.hc.client5.http.headers - http-outgoing-1 >> Host: chromedriver.storage.googleapis.com
2022-06-07 17:42:44.307 [main] DEBUG org.apache.hc.client5.http.wire - http-outgoing-1 >> "GET /LATEST_RELEASE_102 HTTP/1.1[\r][\n]"
2022-06-07 17:42:44.308 [main] DEBUG org.apache.hc.client5.http.wire - http-outgoing-1 >> "user-agent: Apache-HttpClient/5.0[\r][\n]"
2022-06-07 17:42:44.308 [main] DEBUG org.apache.hc.client5.http.wire - http-outgoing-1 >> "accept-encoding: gzip, deflate, br[\r][\n]"
2022-06-07 17:42:44.308 [main] DEBUG org.apache.hc.client5.http.wire - http-outgoing-1 >> "cache-control: max-age=0[\r][\n]"
2022-06-07 17:42:44.309 [main] DEBUG org.apache.hc.client5.http.wire - http-outgoing-1 >> "connection: keep-alive[\r][\n]"
2022-06-07 17:42:44.309 [main] DEBUG org.apache.hc.client5.http.wire - http-outgoing-1 >> "Host: chromedriver.storage.googleapis.com[\r][\n]"
2022-06-07 17:42:44.310 [main] DEBUG org.apache.hc.client5.http.wire - http-outgoing-1 >> "[\r][\n]"
2022-06-07 17:42:44.338 [main] DEBUG org.apache.hc.client5.http.wire - http-outgoing-1 << "HTTP/1.1 200 OK[\r][\n]"
2022-06-07 17:42:44.338 [main] DEBUG org.apache.hc.client5.http.wire - http-outgoing-1 << "X-GUploader-UploadID: ADPycdsSwDHRYdUrx8OAsw6sL9J6Q1pbKUemZRwSXe8WeLhZ4_YUjwC0VbzyD5bzBiW7guR0upWWYDTnV6_CITzMruFd8w[\r][\n]"
2022-06-07 17:42:44.338 [main] DEBUG org.apache.hc.client5.http.wire - http-outgoing-1 << "x-goog-generation: 1653472098495332[\r][\n]"
2022-06-07 17:42:44.338 [main] DEBUG org.apache.hc.client5.http.wire - http-outgoing-1 << "x-goog-metageneration: 1[\r][\n]"
2022-06-07 17:42:44.338 [main] DEBUG org.apache.hc.client5.http.wire - http-outgoing-1 << "x-goog-stored-content-encoding: identity[\r][\n]"
2022-06-07 17:42:44.339 [main] DEBUG org.apache.hc.client5.http.wire - http-outgoing-1 << "x-goog-stored-content-length: 13[\r][\n]"
2022-06-07 17:42:44.339 [main] DEBUG org.apache.hc.client5.http.wire - http-outgoing-1 << "x-goog-hash: crc32c=IlwCTg==[\r][\n]"
2022-06-07 17:42:44.339 [main] DEBUG org.apache.hc.client5.http.wire - http-outgoing-1 << "x-goog-hash: md5=dA6OkYYMMyCaraT7LP1mXg==[\r][\n]"
2022-06-07 17:42:44.339 [main] DEBUG org.apache.hc.client5.http.wire - http-outgoing-1 << "x-goog-storage-class: STANDARD[\r][\n]"
2022-06-07 17:42:44.339 [main] DEBUG org.apache.hc.client5.http.wire - http-outgoing-1 << "Accept-Ranges: bytes[\r][\n]"
2022-06-07 17:42:44.339 [main] DEBUG org.apache.hc.client5.http.wire - http-outgoing-1 << "Content-Length: 13[\r][\n]"
2022-06-07 17:42:44.339 [main] DEBUG org.apache.hc.client5.http.wire - http-outgoing-1 << "Server: UploadServer[\r][\n]"
2022-06-07 17:42:44.339 [main] DEBUG org.apache.hc.client5.http.wire - http-outgoing-1 << "Date: Tue, 07 Jun 2022 21:19:08 GMT[\r][\n]"
2022-06-07 17:42:44.339 [main] DEBUG org.apache.hc.client5.http.wire - http-outgoing-1 << "Expires: Tue, 07 Jun 2022 22:19:08 GMT[\r][\n]"
2022-06-07 17:42:44.340 [main] DEBUG org.apache.hc.client5.http.wire - http-outgoing-1 << "Cache-Control: public, max-age=3600[\r][\n]"
2022-06-07 17:42:44.340 [main] DEBUG org.apache.hc.client5.http.wire - http-outgoing-1 << "Age: 1416[\r][\n]"
2022-06-07 17:42:44.340 [main] DEBUG org.apache.hc.client5.http.wire - http-outgoing-1 << "Last-Modified: Wed, 25 May 2022 09:48:18 GMT[\r][\n]"
2022-06-07 17:42:44.340 [main] DEBUG org.apache.hc.client5.http.wire - http-outgoing-1 << "ETag: "740e8e91860c33209aada4fb2cfd665e"[\r][\n]"
2022-06-07 17:42:44.340 [main] DEBUG org.apache.hc.client5.http.wire - http-outgoing-1 << "Content-Type: text/plain[\r][\n]"
2022-06-07 17:42:44.340 [main] DEBUG org.apache.hc.client5.http.wire - http-outgoing-1 << "Alt-Svc: h3=":443"; ma=2592000,h3-29=":443"; ma=2592000,h3-Q050=":443"; ma=2592000,h3-Q046=":443"; ma=2592000,h3-Q043=":443"; ma=2592000,quic=":443"; ma=2592000; v="46,43"[\r][\n]"
2022-06-07 17:42:44.340 [main] DEBUG org.apache.hc.client5.http.wire - http-outgoing-1 << "[\r][\n]"
2022-06-07 17:42:44.340 [main] DEBUG org.apache.hc.client5.http.wire - http-outgoing-1 << "102.0.5005.61"
2022-06-07 17:42:44.341 [main] DEBUG org.apache.hc.client5.http.headers - http-outgoing-1 << HTTP/1.1 200 OK
2022-06-07 17:42:44.341 [main] DEBUG org.apache.hc.client5.http.headers - http-outgoing-1 << X-GUploader-UploadID: ADPycdsSwDHRYdUrx8OAsw6sL9J6Q1pbKUemZRwSXe8WeLhZ4_YUjwC0VbzyD5bzBiW7guR0upWWYDTnV6_CITzMruFd8w
2022-06-07 17:42:44.341 [main] DEBUG org.apache.hc.client5.http.headers - http-outgoing-1 << x-goog-generation: 1653472098495332
2022-06-07 17:42:44.341 [main] DEBUG org.apache.hc.client5.http.headers - http-outgoing-1 << x-goog-metageneration: 1
2022-06-07 17:42:44.341 [main] DEBUG org.apache.hc.client5.http.headers - http-outgoing-1 << x-goog-stored-content-encoding: identity
2022-06-07 17:42:44.341 [main] DEBUG org.apache.hc.client5.http.headers - http-outgoing-1 << x-goog-stored-content-length: 13
2022-06-07 17:42:44.341 [main] DEBUG org.apache.hc.client5.http.headers - http-outgoing-1 << x-goog-hash: crc32c=IlwCTg==
2022-06-07 17:42:44.341 [main] DEBUG org.apache.hc.client5.http.headers - http-outgoing-1 << x-goog-hash: md5=dA6OkYYMMyCaraT7LP1mXg==
2022-06-07 17:42:44.342 [main] DEBUG org.apache.hc.client5.http.headers - http-outgoing-1 << x-goog-storage-class: STANDARD
2022-06-07 17:42:44.342 [main] DEBUG org.apache.hc.client5.http.headers - http-outgoing-1 << Accept-Ranges: bytes
2022-06-07 17:42:44.342 [main] DEBUG org.apache.hc.client5.http.headers - http-outgoing-1 << Content-Length: 13
2022-06-07 17:42:44.342 [main] DEBUG org.apache.hc.client5.http.headers - http-outgoing-1 << Server: UploadServer
2022-06-07 17:42:44.342 [main] DEBUG org.apache.hc.client5.http.headers - http-outgoing-1 << Date: Tue, 07 Jun 2022 21:19:08 GMT
2022-06-07 17:42:44.343 [main] DEBUG org.apache.hc.client5.http.headers - http-outgoing-1 << Expires: Tue, 07 Jun 2022 22:19:08 GMT
2022-06-07 17:42:44.343 [main] DEBUG org.apache.hc.client5.http.headers - http-outgoing-1 << Cache-Control: public, max-age=3600
2022-06-07 17:42:44.343 [main] DEBUG org.apache.hc.client5.http.headers - http-outgoing-1 << Age: 1416
2022-06-07 17:42:44.343 [main] DEBUG org.apache.hc.client5.http.headers - http-outgoing-1 << Last-Modified: Wed, 25 May 2022 09:48:18 GMT
2022-06-07 17:42:44.343 [main] DEBUG org.apache.hc.client5.http.headers - http-outgoing-1 << ETag: "740e8e91860c33209aada4fb2cfd665e"
2022-06-07 17:42:44.343 [main] DEBUG org.apache.hc.client5.http.headers - http-outgoing-1 << Content-Type: text/plain
2022-06-07 17:42:44.344 [main] DEBUG org.apache.hc.client5.http.headers - http-outgoing-1 << Alt-Svc: h3=":443"; ma=2592000,h3-29=":443"; ma=2592000,h3-Q050=":443"; ma=2592000,h3-Q046=":443"; ma=2592000,h3-Q043=":443"; ma=2592000,quic=":443"; ma=2592000; v="46,43"
2022-06-07 17:42:44.344 [main] DEBUG org.apache.hc.client5.http.impl.classic.MainClientExec - ex-0000000002 connection can be kept alive for 3 MINUTES
2022-06-07 17:42:44.344 [main] DEBUG org.apache.hc.client5.http.impl.classic.InternalHttpClient - ep-0000000001 releasing valid endpoint
2022-06-07 17:42:44.345 [main] DEBUG org.apache.hc.client5.http.impl.io.PoolingHttpClientConnectionManager - ep-0000000001 releasing endpoint
2022-06-07 17:42:44.345 [main] DEBUG org.apache.hc.client5.http.impl.io.PoolingHttpClientConnectionManager - ep-0000000001 connection http-outgoing-1 can be kept alive for 3 MINUTES
2022-06-07 17:42:44.345 [main] DEBUG org.apache.hc.client5.http.impl.io.PoolingHttpClientConnectionManager - ep-0000000001 connection released [route: {s}->https://chromedriver.storage.googleapis.com:443][total available: 2; route allocated: 1 of 5; total allocated: 2 of 25]
2022-06-07 17:42:44.345 [main] DEBUG io.github.bonigarcia.wdm.versions.VersionDetector - Latest version of chromedriver according to https://chromedriver.storage.googleapis.com/LATEST_RELEASE_102 is 102.0.5005.61
2022-06-07 17:42:44.346 [main] INFO  io.github.bonigarcia.wdm.WebDriverManager - Using chromedriver 102.0.5005.61 (resolved driver for Chrome 102)
2022-06-07 17:42:44.349 [main] DEBUG io.github.bonigarcia.wdm.cache.ResolutionCache - Storing resolution chrome=102 in cache (valid until 18:42:44 07/06/2022 EDT)
2022-06-07 17:42:44.350 [main] DEBUG io.github.bonigarcia.wdm.cache.ResolutionCache - Storing resolution chrome102=102.0.5005.61 in cache (valid until 17:42:44 08/06/2022 EDT)
2022-06-07 17:42:44.367 [main] DEBUG io.github.bonigarcia.wdm.WebDriverManager - Driver chromedriver 102.0.5005.61 found in cache
2022-06-07 17:42:44.368 [main] INFO  io.github.bonigarcia.wdm.WebDriverManager - Exporting webdriver.chrome.driver as /Users/alinkaalinka/.cache/selenium/chromedriver/mac64/102.0.5005.61/chromedriver
2022-06-07 17:42:44.535 [main] DEBUG io.netty.util.internal.logging.InternalLoggerFactory - Using SLF4J as the default logging framework
2022-06-07 17:42:44.553 [main] DEBUG io.netty.util.ResourceLeakDetector - -Dio.netty.leakDetection.level: simple
2022-06-07 17:42:44.554 [main] DEBUG io.netty.util.ResourceLeakDetector - -Dio.netty.leakDetection.targetRecords: 4
2022-06-07 17:42:44.562 [main] DEBUG io.netty.util.ResourceLeakDetectorFactory - Loaded default ResourceLeakDetector: io.netty.util.ResourceLeakDetector@ae372b9
2022-06-07 17:42:44.615 [main] DEBUG io.netty.util.internal.PlatformDependent0 - -Dio.netty.noUnsafe: false
2022-06-07 17:42:44.616 [main] DEBUG io.netty.util.internal.PlatformDependent0 - Java version: 17
2022-06-07 17:42:44.618 [main] DEBUG io.netty.util.internal.PlatformDependent0 - sun.misc.Unsafe.theUnsafe: available
2022-06-07 17:42:44.619 [main] DEBUG io.netty.util.internal.PlatformDependent0 - sun.misc.Unsafe.copyMemory: available
2022-06-07 17:42:44.621 [main] DEBUG io.netty.util.internal.PlatformDependent0 - java.nio.Buffer.address: available
2022-06-07 17:42:44.623 [main] DEBUG io.netty.util.internal.PlatformDependent0 - direct buffer constructor: unavailable: Reflective setAccessible(true) disabled
2022-06-07 17:42:44.625 [main] DEBUG io.netty.util.internal.PlatformDependent0 - java.nio.Bits.unaligned: available, true
2022-06-07 17:42:44.627 [main] DEBUG io.netty.util.internal.PlatformDependent0 - jdk.internal.misc.Unsafe.allocateUninitializedArray(int): unavailable: class io.netty.util.internal.PlatformDependent0$6 cannot access class jdk.internal.misc.Unsafe (in module java.base) because module java.base does not export jdk.internal.misc to unnamed module @357246de
2022-06-07 17:42:44.629 [main] DEBUG io.netty.util.internal.PlatformDependent0 - java.nio.DirectByteBuffer.<init>(long, int): unavailable
2022-06-07 17:42:44.629 [main] DEBUG io.netty.util.internal.PlatformDependent - sun.misc.Unsafe: available
2022-06-07 17:42:44.629 [main] DEBUG io.netty.util.internal.PlatformDependent - maxDirectMemory: 2147483648 bytes (maybe)
2022-06-07 17:42:44.630 [main] DEBUG io.netty.util.internal.PlatformDependent - -Dio.netty.tmpdir: /var/folders/7h/hs3xc14974nfr6l942td5ssr0000gn/T (java.io.tmpdir)
2022-06-07 17:42:44.630 [main] DEBUG io.netty.util.internal.PlatformDependent - -Dio.netty.bitMode: 64 (sun.arch.data.model)
2022-06-07 17:42:44.630 [main] DEBUG io.netty.util.internal.PlatformDependent - Platform: MacOS
2022-06-07 17:42:44.631 [main] DEBUG io.netty.util.internal.PlatformDependent - -Dio.netty.maxDirectMemory: -1 bytes
2022-06-07 17:42:44.631 [main] DEBUG io.netty.util.internal.PlatformDependent - -Dio.netty.uninitializedArrayAllocationThreshold: -1
2022-06-07 17:42:44.632 [main] DEBUG io.netty.util.internal.CleanerJava9 - java.nio.ByteBuffer.cleaner(): available
2022-06-07 17:42:44.632 [main] DEBUG io.netty.util.internal.PlatformDependent - -Dio.netty.noPreferDirect: false
2022-06-07 17:42:44.639 [main] DEBUG io.netty.util.internal.PlatformDependent - org.jctools-core.MpscChunkedArrayQueue: available
2022-06-07 17:42:44.665 [main] DEBUG io.netty.util.internal.InternalThreadLocalMap - -Dio.netty.threadLocalMap.stringBuilder.initialSize: 1024
2022-06-07 17:42:44.666 [main] DEBUG io.netty.util.internal.InternalThreadLocalMap - -Dio.netty.threadLocalMap.stringBuilder.maxSize: 4096
2022-06-07 17:42:44.686 [main] DEBUG io.netty.handler.ssl.JdkSslContext - Default protocols (JDK): [TLSv1.3, TLSv1.2] 
2022-06-07 17:42:44.686 [main] DEBUG io.netty.handler.ssl.JdkSslContext - Default cipher suites (JDK): [TLS_ECDHE_ECDSA_WITH_AES_256_GCM_SHA384, TLS_ECDHE_ECDSA_WITH_AES_128_GCM_SHA256, TLS_ECDHE_RSA_WITH_AES_128_GCM_SHA256, TLS_ECDHE_RSA_WITH_AES_256_GCM_SHA384, TLS_ECDHE_RSA_WITH_AES_128_CBC_SHA, TLS_ECDHE_RSA_WITH_AES_256_CBC_SHA, TLS_RSA_WITH_AES_128_GCM_SHA256, TLS_RSA_WITH_AES_128_CBC_SHA, TLS_RSA_WITH_AES_256_CBC_SHA, TLS_AES_128_GCM_SHA256, TLS_AES_256_GCM_SHA384]
2022-06-07 17:42:44.717 [main] DEBUG io.netty.channel.MultithreadEventLoopGroup - -Dio.netty.eventLoopThreads: 8
2022-06-07 17:42:44.726 [main] DEBUG io.netty.channel.nio.NioEventLoop - -Dio.netty.noKeySetOptimization: false
2022-06-07 17:42:44.726 [main] DEBUG io.netty.channel.nio.NioEventLoop - -Dio.netty.selectorAutoRebuildThreshold: 512
2022-06-07 17:42:44.776 [main] DEBUG io.netty.buffer.PooledByteBufAllocator - -Dio.netty.allocator.numHeapArenas: 8
2022-06-07 17:42:44.777 [main] DEBUG io.netty.buffer.PooledByteBufAllocator - -Dio.netty.allocator.numDirectArenas: 8
2022-06-07 17:42:44.777 [main] DEBUG io.netty.buffer.PooledByteBufAllocator - -Dio.netty.allocator.pageSize: 8192
2022-06-07 17:42:44.777 [main] DEBUG io.netty.buffer.PooledByteBufAllocator - -Dio.netty.allocator.maxOrder: 9
2022-06-07 17:42:44.777 [main] DEBUG io.netty.buffer.PooledByteBufAllocator - -Dio.netty.allocator.chunkSize: 4194304
2022-06-07 17:42:44.777 [main] DEBUG io.netty.buffer.PooledByteBufAllocator - -Dio.netty.allocator.smallCacheSize: 256
2022-06-07 17:42:44.778 [main] DEBUG io.netty.buffer.PooledByteBufAllocator - -Dio.netty.allocator.normalCacheSize: 64
2022-06-07 17:42:44.778 [main] DEBUG io.netty.buffer.PooledByteBufAllocator - -Dio.netty.allocator.maxCachedBufferCapacity: 32768
2022-06-07 17:42:44.778 [main] DEBUG io.netty.buffer.PooledByteBufAllocator - -Dio.netty.allocator.cacheTrimInterval: 8192
2022-06-07 17:42:44.778 [main] DEBUG io.netty.buffer.PooledByteBufAllocator - -Dio.netty.allocator.cacheTrimIntervalMillis: 0
2022-06-07 17:42:44.778 [main] DEBUG io.netty.buffer.PooledByteBufAllocator - -Dio.netty.allocator.useCacheForAllThreads: false
2022-06-07 17:42:44.778 [main] DEBUG io.netty.buffer.PooledByteBufAllocator - -Dio.netty.allocator.maxCachedByteBuffersPerChunk: 1023
2022-06-07 17:42:44.792 [main] DEBUG io.netty.buffer.ByteBufUtil - -Dio.netty.allocator.type: pooled
2022-06-07 17:42:44.793 [main] DEBUG io.netty.buffer.ByteBufUtil - -Dio.netty.threadLocalDirectBufferSize: 0
2022-06-07 17:42:44.793 [main] DEBUG io.netty.buffer.ByteBufUtil - -Dio.netty.maxThreadLocalCharBufferSize: 16384
2022-06-07 17:42:45.161 [Forwarding newSession on session null to remote] DEBUG io.netty.channel.DefaultChannelId - -Dio.netty.processId: 2472 (auto-detected)
2022-06-07 17:42:45.164 [Forwarding newSession on session null to remote] DEBUG io.netty.util.NetUtil - -Djava.net.preferIPv4Stack: false
2022-06-07 17:42:45.165 [Forwarding newSession on session null to remote] DEBUG io.netty.util.NetUtil - -Djava.net.preferIPv6Addresses: false
2022-06-07 17:42:45.170 [Forwarding newSession on session null to remote] DEBUG io.netty.util.NetUtilInitializations - Loopback interface: lo0 (lo0, 0:0:0:0:0:0:0:1%lo0)
2022-06-07 17:42:45.171 [Forwarding newSession on session null to remote] DEBUG io.netty.util.NetUtil - Failed to get SOMAXCONN from sysctl and file /proc/sys/net/core/somaxconn. Default: 128
2022-06-07 17:42:45.174 [Forwarding newSession on session null to remote] DEBUG io.netty.channel.DefaultChannelId - -Dio.netty.machineId: 78:4f:43:ff:fe:9a:80:4e (auto-detected)
2022-06-07 17:42:45.249 [AsyncHttpClient-1-2] DEBUG io.netty.buffer.AbstractByteBuf - -Dio.netty.buffer.checkAccessible: true
2022-06-07 17:42:45.250 [AsyncHttpClient-1-2] DEBUG io.netty.buffer.AbstractByteBuf - -Dio.netty.buffer.checkBounds: true
2022-06-07 17:42:45.250 [AsyncHttpClient-1-2] DEBUG io.netty.util.ResourceLeakDetectorFactory - Loaded default ResourceLeakDetector: io.netty.util.ResourceLeakDetector@403e2337
2022-06-07 17:42:45.272 [AsyncHttpClient-1-2] DEBUG org.asynchttpclient.netty.channel.NettyConnectListener - Using new Channel '[id: 0x79cfe201, L:/127.0.0.1:54088 - R:localhost/127.0.0.1:51899]' for 'POST' to '/session'
2022-06-07 17:42:45.292 [AsyncHttpClient-1-2] DEBUG io.netty.util.Recycler - -Dio.netty.recycler.maxCapacityPerThread: 4096
2022-06-07 17:42:45.292 [AsyncHttpClient-1-2] DEBUG io.netty.util.Recycler - -Dio.netty.recycler.ratio: 8
2022-06-07 17:42:45.292 [AsyncHttpClient-1-2] DEBUG io.netty.util.Recycler - -Dio.netty.recycler.chunkSize: 32
2022-06-07 17:42:45.292 [AsyncHttpClient-1-2] DEBUG io.netty.util.Recycler - -Dio.netty.recycler.blocking: false
2022-06-07 17:42:48.077 [AsyncHttpClient-1-2] DEBUG io.netty.handler.codec.compression.Brotli - brotli4j not in the classpath; Brotli support will be unavailable.
2022-06-07 17:42:48.085 [AsyncHttpClient-1-2] DEBUG org.asynchttpclient.netty.handler.HttpHandler - 

Request DefaultHttpRequest(decodeResult: success, version: HTTP/1.1)
POST /session HTTP/1.1
User-Agent: selenium/4.1.4 (java mac)
Content-Length: 365
Content-Type: application/json; charset=utf-8
host: localhost:51899
accept: */*

Response DefaultHttpResponse(decodeResult: success, version: HTTP/1.1)
HTTP/1.1 200 OK
Content-Type: application/json; charset=utf-8
cache-control: no-cache
content-length: 799

2022-06-07 17:42:48.105 [AsyncHttpClient-1-2] DEBUG org.asynchttpclient.netty.channel.ChannelManager - Adding key: http://localhost:51899 for channel [id: 0x79cfe201, L:/127.0.0.1:54088 - R:localhost/127.0.0.1:51899]
2022-06-07 17:42:48.746 [AsyncHttpClient-1-3] DEBUG org.asynchttpclient.netty.channel.NettyConnectListener - Using new Channel '[id: 0x939dc3b5, L:/127.0.0.1:54126 - R:localhost/127.0.0.1:54097]' for 'GET' to '/json/version'
2022-06-07 17:42:48.752 [AsyncHttpClient-1-3] DEBUG org.asynchttpclient.netty.handler.HttpHandler - 

Request DefaultFullHttpRequest(decodeResult: success, version: HTTP/1.1, content: EmptyByteBufBE)
GET /json/version HTTP/1.1
User-Agent: selenium/4.1.4 (java mac)
host: localhost:54097
accept: */*

Response DefaultHttpResponse(decodeResult: success, version: HTTP/1.1)
HTTP/1.1 200 OK
Content-Type: application/json; charset=UTF-8
content-length: 424

2022-06-07 17:42:48.753 [AsyncHttpClient-1-3] DEBUG org.asynchttpclient.netty.channel.ChannelManager - Adding key: http://localhost:54097 for channel [id: 0x939dc3b5, L:/127.0.0.1:54126 - R:localhost/127.0.0.1:54097]
2022-06-07 17:42:48.763 [main] DEBUG io.netty.util.internal.ThreadLocalRandom - -Dio.netty.initialSeedUniquifier: 0xe92040ce0859efdc
2022-06-07 17:42:48.770 [AsyncHttpClient-1-4] DEBUG org.asynchttpclient.netty.channel.NettyConnectListener - Using new Channel '[id: 0xb61c38c2, L:/127.0.0.1:54127 - R:localhost/127.0.0.1:54097]' for 'GET' to '/devtools/browser/b0551887-e5ef-4d4e-a218-109265c63801'
2022-06-07 17:42:48.777 [AsyncHttpClient-1-4] DEBUG org.asynchttpclient.netty.handler.WebSocketHandler - 

Request DefaultFullHttpRequest(decodeResult: success, version: HTTP/1.1, content: EmptyByteBufBE)
GET /devtools/browser/b0551887-e5ef-4d4e-a218-109265c63801 HTTP/1.1
upgrade: websocket
connection: upgrade
sec-websocket-key: ufDhKG9U4J/H/M69RDEViQ==
sec-websocket-version: 13
origin: http://localhost:54097
host: localhost:54097
accept: */*
user-agent: AHC/2.1

Response DefaultHttpResponse(decodeResult: success, version: HTTP/1.1)
HTTP/1.1 101 WebSocket Protocol Handshake
Upgrade: WebSocket
Connection: Upgrade
Sec-WebSocket-Accept: niGA5lEcN4qzp47s7QMvF6ZsNeE=

2022-06-07 17:42:48.914 [Forwarding maximizeCurrentWindow on session baac55e3a56664233aedcdc88d87de89 to remote] DEBUG org.asynchttpclient.netty.request.NettyRequestSender - Using pooled Channel '[id: 0x79cfe201, L:/127.0.0.1:54088 - R:localhost/127.0.0.1:51899]' for 'POST' to 'http://localhost:51899/session/baac55e3a56664233aedcdc88d87de89/window/maximize'
2022-06-07 17:42:48.914 [Forwarding maximizeCurrentWindow on session baac55e3a56664233aedcdc88d87de89 to remote] DEBUG org.asynchttpclient.netty.request.NettyRequestSender - Using open Channel [id: 0x79cfe201, L:/127.0.0.1:54088 - R:localhost/127.0.0.1:51899] for POST '/session/baac55e3a56664233aedcdc88d87de89/window/maximize'
2022-06-07 17:42:49.047 [AsyncHttpClient-1-1] DEBUG org.asynchttpclient.netty.channel.DefaultChannelPool - Entry count for : http://localhost:54097 : 1
2022-06-07 17:42:49.050 [AsyncHttpClient-1-2] DEBUG org.asynchttpclient.netty.handler.HttpHandler - 

Request DefaultHttpRequest(decodeResult: success, version: HTTP/1.1)
POST /session/baac55e3a56664233aedcdc88d87de89/window/maximize HTTP/1.1
User-Agent: selenium/4.1.4 (java mac)
Content-Length: 3
Content-Type: application/json; charset=utf-8
host: localhost:51899
accept: */*

Response DefaultHttpResponse(decodeResult: success, version: HTTP/1.1)
HTTP/1.1 200 OK
Content-Type: application/json; charset=utf-8
cache-control: no-cache
content-length: 50

2022-06-07 17:42:49.051 [AsyncHttpClient-1-2] DEBUG org.asynchttpclient.netty.channel.ChannelManager - Adding key: http://localhost:51899 for channel [id: 0x79cfe201, L:/127.0.0.1:54088 - R:localhost/127.0.0.1:51899]
2022-06-07 17:42:49.061 [Forwarding setTimeout on session baac55e3a56664233aedcdc88d87de89 to remote] DEBUG org.asynchttpclient.netty.request.NettyRequestSender - Using pooled Channel '[id: 0x79cfe201, L:/127.0.0.1:54088 - R:localhost/127.0.0.1:51899]' for 'POST' to 'http://localhost:51899/session/baac55e3a56664233aedcdc88d87de89/timeouts'
2022-06-07 17:42:49.061 [Forwarding setTimeout on session baac55e3a56664233aedcdc88d87de89 to remote] DEBUG org.asynchttpclient.netty.request.NettyRequestSender - Using open Channel [id: 0x79cfe201, L:/127.0.0.1:54088 - R:localhost/127.0.0.1:51899] for POST '/session/baac55e3a56664233aedcdc88d87de89/timeouts'
2022-06-07 17:42:49.063 [AsyncHttpClient-1-2] DEBUG org.asynchttpclient.netty.handler.HttpHandler - 

Request DefaultHttpRequest(decodeResult: success, version: HTTP/1.1)
POST /session/baac55e3a56664233aedcdc88d87de89/timeouts HTTP/1.1
User-Agent: selenium/4.1.4 (java mac)
Content-Length: 22
Content-Type: application/json; charset=utf-8
host: localhost:51899
accept: */*

Response DefaultHttpResponse(decodeResult: success, version: HTTP/1.1)
HTTP/1.1 200 OK
Content-Type: application/json; charset=utf-8
cache-control: no-cache
content-length: 14

2022-06-07 17:42:49.064 [AsyncHttpClient-1-2] DEBUG org.asynchttpclient.netty.channel.ChannelManager - Adding key: http://localhost:51899 for channel [id: 0x79cfe201, L:/127.0.0.1:54088 - R:localhost/127.0.0.1:51899]
2022-06-07 17:42:49.079 [Forwarding get on session baac55e3a56664233aedcdc88d87de89 to remote] DEBUG org.asynchttpclient.netty.request.NettyRequestSender - Using pooled Channel '[id: 0x79cfe201, L:/127.0.0.1:54088 - R:localhost/127.0.0.1:51899]' for 'POST' to 'http://localhost:51899/session/baac55e3a56664233aedcdc88d87de89/url'
2022-06-07 17:42:49.079 [Forwarding get on session baac55e3a56664233aedcdc88d87de89 to remote] DEBUG org.asynchttpclient.netty.request.NettyRequestSender - Using open Channel [id: 0x79cfe201, L:/127.0.0.1:54088 - R:localhost/127.0.0.1:51899] for POST '/session/baac55e3a56664233aedcdc88d87de89/url'
2022-06-07 17:42:50.144 [AsyncHttpClient-1-1] DEBUG org.asynchttpclient.netty.channel.DefaultChannelPool - Entry count for : http://localhost:54097 : 1
2022-06-07 17:42:51.244 [AsyncHttpClient-1-1] DEBUG org.asynchttpclient.netty.channel.DefaultChannelPool - Entry count for : http://localhost:54097 : 1
2022-06-07 17:42:52.258 [AsyncHttpClient-1-2] DEBUG org.asynchttpclient.netty.handler.HttpHandler - 

Request DefaultHttpRequest(decodeResult: success, version: HTTP/1.1)
POST /session/baac55e3a56664233aedcdc88d87de89/url HTTP/1.1
User-Agent: selenium/4.1.4 (java mac)
Content-Length: 145
Content-Type: application/json; charset=utf-8
host: localhost:51899
accept: */*

Response DefaultHttpResponse(decodeResult: success, version: HTTP/1.1)
HTTP/1.1 200 OK
Content-Type: application/json; charset=utf-8
cache-control: no-cache
content-length: 14

2022-06-07 17:42:52.258 [AsyncHttpClient-1-2] DEBUG org.asynchttpclient.netty.channel.ChannelManager - Adding key: http://localhost:51899 for channel [id: 0x79cfe201, L:/127.0.0.1:54088 - R:localhost/127.0.0.1:51899]
2022-06-07 17:42:52.266 [main] INFO  ProductPageTest - Change number of books test
2022-06-07 17:42:52.267 [main] INFO  Pages.BasePage - Clicking element with xpath//*[@name = 'quantity']
2022-06-07 17:42:52.275 [Forwarding findElement on session baac55e3a56664233aedcdc88d87de89 to remote] DEBUG org.asynchttpclient.netty.request.NettyRequestSender - Using pooled Channel '[id: 0x79cfe201, L:/127.0.0.1:54088 - R:localhost/127.0.0.1:51899]' for 'POST' to 'http://localhost:51899/session/baac55e3a56664233aedcdc88d87de89/element'
2022-06-07 17:42:52.275 [Forwarding findElement on session baac55e3a56664233aedcdc88d87de89 to remote] DEBUG org.asynchttpclient.netty.request.NettyRequestSender - Using open Channel [id: 0x79cfe201, L:/127.0.0.1:54088 - R:localhost/127.0.0.1:51899] for POST '/session/baac55e3a56664233aedcdc88d87de89/element'
2022-06-07 17:42:52.287 [AsyncHttpClient-1-2] DEBUG org.asynchttpclient.netty.handler.HttpHandler - 

Request DefaultHttpRequest(decodeResult: success, version: HTTP/1.1)
POST /session/baac55e3a56664233aedcdc88d87de89/element HTTP/1.1
User-Agent: selenium/4.1.4 (java mac)
Content-Length: 70
Content-Type: application/json; charset=utf-8
host: localhost:51899
accept: */*

Response DefaultHttpResponse(decodeResult: success, version: HTTP/1.1)
HTTP/1.1 200 OK
Content-Type: application/json; charset=utf-8
cache-control: no-cache
content-length: 88

2022-06-07 17:42:52.287 [AsyncHttpClient-1-2] DEBUG org.asynchttpclient.netty.channel.ChannelManager - Adding key: http://localhost:51899 for channel [id: 0x79cfe201, L:/127.0.0.1:54088 - R:localhost/127.0.0.1:51899]
2022-06-07 17:42:52.291 [Forwarding findElement on session baac55e3a56664233aedcdc88d87de89 to remote] DEBUG org.asynchttpclient.netty.request.NettyRequestSender - Using pooled Channel '[id: 0x79cfe201, L:/127.0.0.1:54088 - R:localhost/127.0.0.1:51899]' for 'POST' to 'http://localhost:51899/session/baac55e3a56664233aedcdc88d87de89/element'
2022-06-07 17:42:52.291 [Forwarding findElement on session baac55e3a56664233aedcdc88d87de89 to remote] DEBUG org.asynchttpclient.netty.request.NettyRequestSender - Using open Channel [id: 0x79cfe201, L:/127.0.0.1:54088 - R:localhost/127.0.0.1:51899] for POST '/session/baac55e3a56664233aedcdc88d87de89/element'
2022-06-07 17:42:52.298 [AsyncHttpClient-1-2] DEBUG org.asynchttpclient.netty.handler.HttpHandler - 

Request DefaultHttpRequest(decodeResult: success, version: HTTP/1.1)
POST /session/baac55e3a56664233aedcdc88d87de89/element HTTP/1.1
User-Agent: selenium/4.1.4 (java mac)
Content-Length: 70
Content-Type: application/json; charset=utf-8
host: localhost:51899
accept: */*

Response DefaultHttpResponse(decodeResult: success, version: HTTP/1.1)
HTTP/1.1 200 OK
Content-Type: application/json; charset=utf-8
cache-control: no-cache
content-length: 88

2022-06-07 17:42:52.298 [AsyncHttpClient-1-2] DEBUG org.asynchttpclient.netty.channel.ChannelManager - Adding key: http://localhost:51899 for channel [id: 0x79cfe201, L:/127.0.0.1:54088 - R:localhost/127.0.0.1:51899]
2022-06-07 17:42:52.300 [Forwarding clickElement on session baac55e3a56664233aedcdc88d87de89 to remote] DEBUG org.asynchttpclient.netty.request.NettyRequestSender - Using pooled Channel '[id: 0x79cfe201, L:/127.0.0.1:54088 - R:localhost/127.0.0.1:51899]' for 'POST' to 'http://localhost:51899/session/baac55e3a56664233aedcdc88d87de89/element/88903f3c-2514-4e40-a1fd-b50d27b32b01/click'
2022-06-07 17:42:52.301 [Forwarding clickElement on session baac55e3a56664233aedcdc88d87de89 to remote] DEBUG org.asynchttpclient.netty.request.NettyRequestSender - Using open Channel [id: 0x79cfe201, L:/127.0.0.1:54088 - R:localhost/127.0.0.1:51899] for POST '/session/baac55e3a56664233aedcdc88d87de89/element/88903f3c-2514-4e40-a1fd-b50d27b32b01/click'
2022-06-07 17:42:52.345 [AsyncHttpClient-1-1] DEBUG org.asynchttpclient.netty.channel.DefaultChannelPool - Entry count for : http://localhost:54097 : 1
2022-06-07 17:42:52.356 [AsyncHttpClient-1-2] DEBUG org.asynchttpclient.netty.handler.HttpHandler - 

Request DefaultHttpRequest(decodeResult: success, version: HTTP/1.1)
POST /session/baac55e3a56664233aedcdc88d87de89/element/88903f3c-2514-4e40-a1fd-b50d27b32b01/click HTTP/1.1
User-Agent: selenium/4.1.4 (java mac)
Content-Length: 50
Content-Type: application/json; charset=utf-8
host: localhost:51899
accept: */*

Response DefaultHttpResponse(decodeResult: success, version: HTTP/1.1)
HTTP/1.1 200 OK
Content-Type: application/json; charset=utf-8
cache-control: no-cache
content-length: 14

2022-06-07 17:42:52.356 [AsyncHttpClient-1-2] DEBUG org.asynchttpclient.netty.channel.ChannelManager - Adding key: http://localhost:51899 for channel [id: 0x79cfe201, L:/127.0.0.1:54088 - R:localhost/127.0.0.1:51899]
2022-06-07 17:42:52.359 [Forwarding findElement on session baac55e3a56664233aedcdc88d87de89 to remote] DEBUG org.asynchttpclient.netty.request.NettyRequestSender - Using pooled Channel '[id: 0x79cfe201, L:/127.0.0.1:54088 - R:localhost/127.0.0.1:51899]' for 'POST' to 'http://localhost:51899/session/baac55e3a56664233aedcdc88d87de89/element'
2022-06-07 17:42:52.359 [Forwarding findElement on session baac55e3a56664233aedcdc88d87de89 to remote] DEBUG org.asynchttpclient.netty.request.NettyRequestSender - Using open Channel [id: 0x79cfe201, L:/127.0.0.1:54088 - R:localhost/127.0.0.1:51899] for POST '/session/baac55e3a56664233aedcdc88d87de89/element'
2022-06-07 17:42:52.372 [AsyncHttpClient-1-2] DEBUG org.asynchttpclient.netty.handler.HttpHandler - 

Request DefaultHttpRequest(decodeResult: success, version: HTTP/1.1)
POST /session/baac55e3a56664233aedcdc88d87de89/element HTTP/1.1
User-Agent: selenium/4.1.4 (java mac)
Content-Length: 70
Content-Type: application/json; charset=utf-8
host: localhost:51899
accept: */*

Response DefaultHttpResponse(decodeResult: success, version: HTTP/1.1)
HTTP/1.1 200 OK
Content-Type: application/json; charset=utf-8
cache-control: no-cache
content-length: 88

2022-06-07 17:42:52.372 [AsyncHttpClient-1-2] DEBUG org.asynchttpclient.netty.channel.ChannelManager - Adding key: http://localhost:51899 for channel [id: 0x79cfe201, L:/127.0.0.1:54088 - R:localhost/127.0.0.1:51899]
2022-06-07 17:42:52.375 [Forwarding findElement on session baac55e3a56664233aedcdc88d87de89 to remote] DEBUG org.asynchttpclient.netty.request.NettyRequestSender - Using pooled Channel '[id: 0x79cfe201, L:/127.0.0.1:54088 - R:localhost/127.0.0.1:51899]' for 'POST' to 'http://localhost:51899/session/baac55e3a56664233aedcdc88d87de89/element'
2022-06-07 17:42:52.375 [Forwarding findElement on session baac55e3a56664233aedcdc88d87de89 to remote] DEBUG org.asynchttpclient.netty.request.NettyRequestSender - Using open Channel [id: 0x79cfe201, L:/127.0.0.1:54088 - R:localhost/127.0.0.1:51899] for POST '/session/baac55e3a56664233aedcdc88d87de89/element'
2022-06-07 17:42:52.382 [AsyncHttpClient-1-2] DEBUG org.asynchttpclient.netty.handler.HttpHandler - 

Request DefaultHttpRequest(decodeResult: success, version: HTTP/1.1)
POST /session/baac55e3a56664233aedcdc88d87de89/element HTTP/1.1
User-Agent: selenium/4.1.4 (java mac)
Content-Length: 70
Content-Type: application/json; charset=utf-8
host: localhost:51899
accept: */*

Response DefaultHttpResponse(decodeResult: success, version: HTTP/1.1)
HTTP/1.1 200 OK
Content-Type: application/json; charset=utf-8
cache-control: no-cache
content-length: 88

2022-06-07 17:42:52.382 [AsyncHttpClient-1-2] DEBUG org.asynchttpclient.netty.channel.ChannelManager - Adding key: http://localhost:51899 for channel [id: 0x79cfe201, L:/127.0.0.1:54088 - R:localhost/127.0.0.1:51899]
2022-06-07 17:42:52.384 [Forwarding clearElement on session baac55e3a56664233aedcdc88d87de89 to remote] DEBUG org.asynchttpclient.netty.request.NettyRequestSender - Using pooled Channel '[id: 0x79cfe201, L:/127.0.0.1:54088 - R:localhost/127.0.0.1:51899]' for 'POST' to 'http://localhost:51899/session/baac55e3a56664233aedcdc88d87de89/element/88903f3c-2514-4e40-a1fd-b50d27b32b01/clear'
2022-06-07 17:42:52.384 [Forwarding clearElement on session baac55e3a56664233aedcdc88d87de89 to remote] DEBUG org.asynchttpclient.netty.request.NettyRequestSender - Using open Channel [id: 0x79cfe201, L:/127.0.0.1:54088 - R:localhost/127.0.0.1:51899] for POST '/session/baac55e3a56664233aedcdc88d87de89/element/88903f3c-2514-4e40-a1fd-b50d27b32b01/clear'
2022-06-07 17:42:52.414 [AsyncHttpClient-1-2] DEBUG org.asynchttpclient.netty.handler.HttpHandler - 

Request DefaultHttpRequest(decodeResult: success, version: HTTP/1.1)
POST /session/baac55e3a56664233aedcdc88d87de89/element/88903f3c-2514-4e40-a1fd-b50d27b32b01/clear HTTP/1.1
User-Agent: selenium/4.1.4 (java mac)
Content-Length: 50
Content-Type: application/json; charset=utf-8
host: localhost:51899
accept: */*

Response DefaultHttpResponse(decodeResult: success, version: HTTP/1.1)
HTTP/1.1 200 OK
Content-Type: application/json; charset=utf-8
cache-control: no-cache
content-length: 14

2022-06-07 17:42:52.414 [AsyncHttpClient-1-2] DEBUG org.asynchttpclient.netty.channel.ChannelManager - Adding key: http://localhost:51899 for channel [id: 0x79cfe201, L:/127.0.0.1:54088 - R:localhost/127.0.0.1:51899]
2022-06-07 17:42:52.417 [Forwarding findElement on session baac55e3a56664233aedcdc88d87de89 to remote] DEBUG org.asynchttpclient.netty.request.NettyRequestSender - Using pooled Channel '[id: 0x79cfe201, L:/127.0.0.1:54088 - R:localhost/127.0.0.1:51899]' for 'POST' to 'http://localhost:51899/session/baac55e3a56664233aedcdc88d87de89/element'
2022-06-07 17:42:52.418 [Forwarding findElement on session baac55e3a56664233aedcdc88d87de89 to remote] DEBUG org.asynchttpclient.netty.request.NettyRequestSender - Using open Channel [id: 0x79cfe201, L:/127.0.0.1:54088 - R:localhost/127.0.0.1:51899] for POST '/session/baac55e3a56664233aedcdc88d87de89/element'
2022-06-07 17:42:52.430 [AsyncHttpClient-1-2] DEBUG org.asynchttpclient.netty.handler.HttpHandler - 

Request DefaultHttpRequest(decodeResult: success, version: HTTP/1.1)
POST /session/baac55e3a56664233aedcdc88d87de89/element HTTP/1.1
User-Agent: selenium/4.1.4 (java mac)
Content-Length: 70
Content-Type: application/json; charset=utf-8
host: localhost:51899
accept: */*

Response DefaultHttpResponse(decodeResult: success, version: HTTP/1.1)
HTTP/1.1 200 OK
Content-Type: application/json; charset=utf-8
cache-control: no-cache
content-length: 88

2022-06-07 17:42:52.431 [AsyncHttpClient-1-2] DEBUG org.asynchttpclient.netty.channel.ChannelManager - Adding key: http://localhost:51899 for channel [id: 0x79cfe201, L:/127.0.0.1:54088 - R:localhost/127.0.0.1:51899]
2022-06-07 17:42:52.433 [Forwarding findElement on session baac55e3a56664233aedcdc88d87de89 to remote] DEBUG org.asynchttpclient.netty.request.NettyRequestSender - Using pooled Channel '[id: 0x79cfe201, L:/127.0.0.1:54088 - R:localhost/127.0.0.1:51899]' for 'POST' to 'http://localhost:51899/session/baac55e3a56664233aedcdc88d87de89/element'
2022-06-07 17:42:52.434 [Forwarding findElement on session baac55e3a56664233aedcdc88d87de89 to remote] DEBUG org.asynchttpclient.netty.request.NettyRequestSender - Using open Channel [id: 0x79cfe201, L:/127.0.0.1:54088 - R:localhost/127.0.0.1:51899] for POST '/session/baac55e3a56664233aedcdc88d87de89/element'
2022-06-07 17:42:52.441 [AsyncHttpClient-1-2] DEBUG org.asynchttpclient.netty.handler.HttpHandler - 

Request DefaultHttpRequest(decodeResult: success, version: HTTP/1.1)
POST /session/baac55e3a56664233aedcdc88d87de89/element HTTP/1.1
User-Agent: selenium/4.1.4 (java mac)
Content-Length: 70
Content-Type: application/json; charset=utf-8
host: localhost:51899
accept: */*

Response DefaultHttpResponse(decodeResult: success, version: HTTP/1.1)
HTTP/1.1 200 OK
Content-Type: application/json; charset=utf-8
cache-control: no-cache
content-length: 88

2022-06-07 17:42:52.442 [AsyncHttpClient-1-2] DEBUG org.asynchttpclient.netty.channel.ChannelManager - Adding key: http://localhost:51899 for channel [id: 0x79cfe201, L:/127.0.0.1:54088 - R:localhost/127.0.0.1:51899]
2022-06-07 17:42:52.446 [Forwarding sendKeysToElement on session baac55e3a56664233aedcdc88d87de89 to remote] DEBUG org.asynchttpclient.netty.request.NettyRequestSender - Using pooled Channel '[id: 0x79cfe201, L:/127.0.0.1:54088 - R:localhost/127.0.0.1:51899]' for 'POST' to 'http://localhost:51899/session/baac55e3a56664233aedcdc88d87de89/element/88903f3c-2514-4e40-a1fd-b50d27b32b01/value'
2022-06-07 17:42:52.446 [Forwarding sendKeysToElement on session baac55e3a56664233aedcdc88d87de89 to remote] DEBUG org.asynchttpclient.netty.request.NettyRequestSender - Using open Channel [id: 0x79cfe201, L:/127.0.0.1:54088 - R:localhost/127.0.0.1:51899] for POST '/session/baac55e3a56664233aedcdc88d87de89/element/88903f3c-2514-4e40-a1fd-b50d27b32b01/value'
2022-06-07 17:42:52.582 [AsyncHttpClient-1-2] DEBUG org.asynchttpclient.netty.handler.HttpHandler - 

Request DefaultHttpRequest(decodeResult: success, version: HTTP/1.1)
POST /session/baac55e3a56664233aedcdc88d87de89/element/88903f3c-2514-4e40-a1fd-b50d27b32b01/value HTTP/1.1
User-Agent: selenium/4.1.4 (java mac)
Content-Length: 91
Content-Type: application/json; charset=utf-8
host: localhost:51899
accept: */*

Response DefaultHttpResponse(decodeResult: success, version: HTTP/1.1)
HTTP/1.1 200 OK
Content-Type: application/json; charset=utf-8
cache-control: no-cache
content-length: 14

2022-06-07 17:42:52.582 [AsyncHttpClient-1-2] DEBUG org.asynchttpclient.netty.channel.ChannelManager - Adding key: http://localhost:51899 for channel [id: 0x79cfe201, L:/127.0.0.1:54088 - R:localhost/127.0.0.1:51899]
2022-06-07 17:42:52.586 [Forwarding screenshot on session baac55e3a56664233aedcdc88d87de89 to remote] DEBUG org.asynchttpclient.netty.request.NettyRequestSender - Using pooled Channel '[id: 0x79cfe201, L:/127.0.0.1:54088 - R:localhost/127.0.0.1:51899]' for 'GET' to 'http://localhost:51899/session/baac55e3a56664233aedcdc88d87de89/screenshot'
2022-06-07 17:42:52.587 [Forwarding screenshot on session baac55e3a56664233aedcdc88d87de89 to remote] DEBUG org.asynchttpclient.netty.request.NettyRequestSender - Using open Channel [id: 0x79cfe201, L:/127.0.0.1:54088 - R:localhost/127.0.0.1:51899] for GET '/session/baac55e3a56664233aedcdc88d87de89/screenshot'
2022-06-07 17:42:53.202 [AsyncHttpClient-1-2] DEBUG org.asynchttpclient.netty.handler.HttpHandler - 

Request DefaultFullHttpRequest(decodeResult: success, version: HTTP/1.1, content: EmptyByteBufBE)
GET /session/baac55e3a56664233aedcdc88d87de89/screenshot HTTP/1.1
User-Agent: selenium/4.1.4 (java mac)
Cache-Control: no-cache
Content-Type: application/json; charset=utf-8
host: localhost:51899
accept: */*

Response DefaultHttpResponse(decodeResult: success, version: HTTP/1.1)
HTTP/1.1 200 OK
Content-Type: application/json; charset=utf-8
cache-control: no-cache
content-length: 1227776

2022-06-07 17:42:53.212 [AsyncHttpClient-1-2] DEBUG org.asynchttpclient.netty.channel.ChannelManager - Adding key: http://localhost:51899 for channel [id: 0x79cfe201, L:/127.0.0.1:54088 - R:localhost/127.0.0.1:51899]
2022-06-07 17:42:53.325 [Forwarding get on session baac55e3a56664233aedcdc88d87de89 to remote] DEBUG org.asynchttpclient.netty.request.NettyRequestSender - Using pooled Channel '[id: 0x79cfe201, L:/127.0.0.1:54088 - R:localhost/127.0.0.1:51899]' for 'POST' to 'http://localhost:51899/session/baac55e3a56664233aedcdc88d87de89/url'
2022-06-07 17:42:53.325 [Forwarding get on session baac55e3a56664233aedcdc88d87de89 to remote] DEBUG org.asynchttpclient.netty.request.NettyRequestSender - Using open Channel [id: 0x79cfe201, L:/127.0.0.1:54088 - R:localhost/127.0.0.1:51899] for POST '/session/baac55e3a56664233aedcdc88d87de89/url'
2022-06-07 17:42:53.446 [AsyncHttpClient-1-1] DEBUG org.asynchttpclient.netty.channel.DefaultChannelPool - Entry count for : http://localhost:54097 : 1
2022-06-07 17:42:53.909 [AsyncHttpClient-1-2] DEBUG org.asynchttpclient.netty.handler.HttpHandler - 

Request DefaultHttpRequest(decodeResult: success, version: HTTP/1.1)
POST /session/baac55e3a56664233aedcdc88d87de89/url HTTP/1.1
User-Agent: selenium/4.1.4 (java mac)
Content-Length: 145
Content-Type: application/json; charset=utf-8
host: localhost:51899
accept: */*

Response DefaultHttpResponse(decodeResult: success, version: HTTP/1.1)
HTTP/1.1 200 OK
Content-Type: application/json; charset=utf-8
cache-control: no-cache
content-length: 14

2022-06-07 17:42:53.909 [AsyncHttpClient-1-2] DEBUG org.asynchttpclient.netty.channel.ChannelManager - Adding key: http://localhost:51899 for channel [id: 0x79cfe201, L:/127.0.0.1:54088 - R:localhost/127.0.0.1:51899]
2022-06-07 17:42:53.910 [main] INFO  ProductPageTest - Add 'I love to  go to daycare' Eng. ver. hardcover book to the cart 
2022-06-07 17:42:53.910 [main] INFO  Pages.BasePage - Clicking element with xpath//*[@id = 'AddToCartText-product-template']
2022-06-07 17:42:53.911 [Forwarding findElement on session baac55e3a56664233aedcdc88d87de89 to remote] DEBUG org.asynchttpclient.netty.request.NettyRequestSender - Using pooled Channel '[id: 0x79cfe201, L:/127.0.0.1:54088 - R:localhost/127.0.0.1:51899]' for 'POST' to 'http://localhost:51899/session/baac55e3a56664233aedcdc88d87de89/element'
2022-06-07 17:42:53.911 [Forwarding findElement on session baac55e3a56664233aedcdc88d87de89 to remote] DEBUG org.asynchttpclient.netty.request.NettyRequestSender - Using open Channel [id: 0x79cfe201, L:/127.0.0.1:54088 - R:localhost/127.0.0.1:51899] for POST '/session/baac55e3a56664233aedcdc88d87de89/element'
2022-06-07 17:42:53.932 [AsyncHttpClient-1-2] DEBUG org.asynchttpclient.netty.handler.HttpHandler - 

Request DefaultHttpRequest(decodeResult: success, version: HTTP/1.1)
POST /session/baac55e3a56664233aedcdc88d87de89/element HTTP/1.1
User-Agent: selenium/4.1.4 (java mac)
Content-Length: 90
Content-Type: application/json; charset=utf-8
host: localhost:51899
accept: */*

Response DefaultHttpResponse(decodeResult: success, version: HTTP/1.1)
HTTP/1.1 200 OK
Content-Type: application/json; charset=utf-8
cache-control: no-cache
content-length: 88

2022-06-07 17:42:53.933 [AsyncHttpClient-1-2] DEBUG org.asynchttpclient.netty.channel.ChannelManager - Adding key: http://localhost:51899 for channel [id: 0x79cfe201, L:/127.0.0.1:54088 - R:localhost/127.0.0.1:51899]
2022-06-07 17:42:53.935 [Forwarding findElement on session baac55e3a56664233aedcdc88d87de89 to remote] DEBUG org.asynchttpclient.netty.request.NettyRequestSender - Using pooled Channel '[id: 0x79cfe201, L:/127.0.0.1:54088 - R:localhost/127.0.0.1:51899]' for 'POST' to 'http://localhost:51899/session/baac55e3a56664233aedcdc88d87de89/element'
2022-06-07 17:42:53.936 [Forwarding findElement on session baac55e3a56664233aedcdc88d87de89 to remote] DEBUG org.asynchttpclient.netty.request.NettyRequestSender - Using open Channel [id: 0x79cfe201, L:/127.0.0.1:54088 - R:localhost/127.0.0.1:51899] for POST '/session/baac55e3a56664233aedcdc88d87de89/element'
2022-06-07 17:42:53.986 [AsyncHttpClient-1-2] DEBUG org.asynchttpclient.netty.handler.HttpHandler - 

Request DefaultHttpRequest(decodeResult: success, version: HTTP/1.1)
POST /session/baac55e3a56664233aedcdc88d87de89/element HTTP/1.1
User-Agent: selenium/4.1.4 (java mac)
Content-Length: 90
Content-Type: application/json; charset=utf-8
host: localhost:51899
accept: */*

Response DefaultHttpResponse(decodeResult: success, version: HTTP/1.1)
HTTP/1.1 200 OK
Content-Type: application/json; charset=utf-8
cache-control: no-cache
content-length: 88

2022-06-07 17:42:53.987 [AsyncHttpClient-1-2] DEBUG org.asynchttpclient.netty.channel.ChannelManager - Adding key: http://localhost:51899 for channel [id: 0x79cfe201, L:/127.0.0.1:54088 - R:localhost/127.0.0.1:51899]
2022-06-07 17:42:53.989 [Forwarding clickElement on session baac55e3a56664233aedcdc88d87de89 to remote] DEBUG org.asynchttpclient.netty.request.NettyRequestSender - Using pooled Channel '[id: 0x79cfe201, L:/127.0.0.1:54088 - R:localhost/127.0.0.1:51899]' for 'POST' to 'http://localhost:51899/session/baac55e3a56664233aedcdc88d87de89/element/c2aa0802-9d6e-4ccc-a242-971bdff717cd/click'
2022-06-07 17:42:53.989 [Forwarding clickElement on session baac55e3a56664233aedcdc88d87de89 to remote] DEBUG org.asynchttpclient.netty.request.NettyRequestSender - Using open Channel [id: 0x79cfe201, L:/127.0.0.1:54088 - R:localhost/127.0.0.1:51899] for POST '/session/baac55e3a56664233aedcdc88d87de89/element/c2aa0802-9d6e-4ccc-a242-971bdff717cd/click'
2022-06-07 17:42:54.545 [AsyncHttpClient-1-1] DEBUG org.asynchttpclient.netty.channel.DefaultChannelPool - Entry count for : http://localhost:54097 : 1
2022-06-07 17:42:55.568 [AsyncHttpClient-1-2] DEBUG org.asynchttpclient.netty.handler.HttpHandler - 

Request DefaultHttpRequest(decodeResult: success, version: HTTP/1.1)
POST /session/baac55e3a56664233aedcdc88d87de89/element/c2aa0802-9d6e-4ccc-a242-971bdff717cd/click HTTP/1.1
User-Agent: selenium/4.1.4 (java mac)
Content-Length: 50
Content-Type: application/json; charset=utf-8
host: localhost:51899
accept: */*

Response DefaultHttpResponse(decodeResult: success, version: HTTP/1.1)
HTTP/1.1 200 OK
Content-Type: application/json; charset=utf-8
cache-control: no-cache
content-length: 14

2022-06-07 17:42:55.568 [AsyncHttpClient-1-2] DEBUG org.asynchttpclient.netty.channel.ChannelManager - Adding key: http://localhost:51899 for channel [id: 0x79cfe201, L:/127.0.0.1:54088 - R:localhost/127.0.0.1:51899]
2022-06-07 17:42:55.570 [main] INFO  Pages.BasePage - Check element with xpath exists://*[@class = 'template-cart cbb-desktop-button']
2022-06-07 17:42:55.571 [Forwarding findElement on session baac55e3a56664233aedcdc88d87de89 to remote] DEBUG org.asynchttpclient.netty.request.NettyRequestSender - Using pooled Channel '[id: 0x79cfe201, L:/127.0.0.1:54088 - R:localhost/127.0.0.1:51899]' for 'POST' to 'http://localhost:51899/session/baac55e3a56664233aedcdc88d87de89/element'
2022-06-07 17:42:55.571 [Forwarding findElement on session baac55e3a56664233aedcdc88d87de89 to remote] DEBUG org.asynchttpclient.netty.request.NettyRequestSender - Using open Channel [id: 0x79cfe201, L:/127.0.0.1:54088 - R:localhost/127.0.0.1:51899] for POST '/session/baac55e3a56664233aedcdc88d87de89/element'
2022-06-07 17:42:55.615 [AsyncHttpClient-1-2] DEBUG org.asynchttpclient.netty.handler.HttpHandler - 

Request DefaultHttpRequest(decodeResult: success, version: HTTP/1.1)
POST /session/baac55e3a56664233aedcdc88d87de89/element HTTP/1.1
User-Agent: selenium/4.1.4 (java mac)
Content-Length: 95
Content-Type: application/json; charset=utf-8
host: localhost:51899
accept: */*

Response DefaultHttpResponse(decodeResult: success, version: HTTP/1.1)
HTTP/1.1 200 OK
Content-Type: application/json; charset=utf-8
cache-control: no-cache
content-length: 88

2022-06-07 17:42:55.616 [AsyncHttpClient-1-2] DEBUG org.asynchttpclient.netty.channel.ChannelManager - Adding key: http://localhost:51899 for channel [id: 0x79cfe201, L:/127.0.0.1:54088 - R:localhost/127.0.0.1:51899]
2022-06-07 17:42:55.623 [Forwarding screenshot on session baac55e3a56664233aedcdc88d87de89 to remote] DEBUG org.asynchttpclient.netty.request.NettyRequestSender - Using pooled Channel '[id: 0x79cfe201, L:/127.0.0.1:54088 - R:localhost/127.0.0.1:51899]' for 'GET' to 'http://localhost:51899/session/baac55e3a56664233aedcdc88d87de89/screenshot'
2022-06-07 17:42:55.623 [Forwarding screenshot on session baac55e3a56664233aedcdc88d87de89 to remote] DEBUG org.asynchttpclient.netty.request.NettyRequestSender - Using open Channel [id: 0x79cfe201, L:/127.0.0.1:54088 - R:localhost/127.0.0.1:51899] for GET '/session/baac55e3a56664233aedcdc88d87de89/screenshot'
2022-06-07 17:42:55.644 [AsyncHttpClient-1-1] DEBUG org.asynchttpclient.netty.channel.DefaultChannelPool - Entry count for : http://localhost:54097 : 1
2022-06-07 17:42:55.997 [AsyncHttpClient-1-2] DEBUG org.asynchttpclient.netty.handler.HttpHandler - 

Request DefaultFullHttpRequest(decodeResult: success, version: HTTP/1.1, content: EmptyByteBufBE)
GET /session/baac55e3a56664233aedcdc88d87de89/screenshot HTTP/1.1
User-Agent: selenium/4.1.4 (java mac)
Cache-Control: no-cache
Content-Type: application/json; charset=utf-8
host: localhost:51899
accept: */*

Response DefaultHttpResponse(decodeResult: success, version: HTTP/1.1)
HTTP/1.1 200 OK
Content-Type: application/json; charset=utf-8
cache-control: no-cache
content-length: 382408

2022-06-07 17:42:56.000 [AsyncHttpClient-1-2] DEBUG org.asynchttpclient.netty.channel.ChannelManager - Adding key: http://localhost:51899 for channel [id: 0x79cfe201, L:/127.0.0.1:54088 - R:localhost/127.0.0.1:51899]
2022-06-07 17:42:56.023 [Forwarding get on session baac55e3a56664233aedcdc88d87de89 to remote] DEBUG org.asynchttpclient.netty.request.NettyRequestSender - Using pooled Channel '[id: 0x79cfe201, L:/127.0.0.1:54088 - R:localhost/127.0.0.1:51899]' for 'POST' to 'http://localhost:51899/session/baac55e3a56664233aedcdc88d87de89/url'
2022-06-07 17:42:56.023 [Forwarding get on session baac55e3a56664233aedcdc88d87de89 to remote] DEBUG org.asynchttpclient.netty.request.NettyRequestSender - Using open Channel [id: 0x79cfe201, L:/127.0.0.1:54088 - R:localhost/127.0.0.1:51899] for POST '/session/baac55e3a56664233aedcdc88d87de89/url'
2022-06-07 17:42:56.748 [AsyncHttpClient-1-1] DEBUG org.asynchttpclient.netty.channel.DefaultChannelPool - Entry count for : http://localhost:54097 : 1
2022-06-07 17:42:56.764 [AsyncHttpClient-1-2] DEBUG org.asynchttpclient.netty.handler.HttpHandler - 

Request DefaultHttpRequest(decodeResult: success, version: HTTP/1.1)
POST /session/baac55e3a56664233aedcdc88d87de89/url HTTP/1.1
User-Agent: selenium/4.1.4 (java mac)
Content-Length: 145
Content-Type: application/json; charset=utf-8
host: localhost:51899
accept: */*

Response DefaultHttpResponse(decodeResult: success, version: HTTP/1.1)
HTTP/1.1 200 OK
Content-Type: application/json; charset=utf-8
cache-control: no-cache
content-length: 14

2022-06-07 17:42:56.764 [AsyncHttpClient-1-2] DEBUG org.asynchttpclient.netty.channel.ChannelManager - Adding key: http://localhost:51899 for channel [id: 0x79cfe201, L:/127.0.0.1:54088 - R:localhost/127.0.0.1:51899]
2022-06-07 17:42:56.766 [main] INFO  ProductPageTest - Change book format test
2022-06-07 17:42:56.766 [main] INFO  Pages.BasePage - Clicking element with xpath//*[@id = 'SingleOptionSelector-0']// descendant::*[@value= 'Paperback']
2022-06-07 17:42:56.767 [Forwarding findElement on session baac55e3a56664233aedcdc88d87de89 to remote] DEBUG org.asynchttpclient.netty.request.NettyRequestSender - Using pooled Channel '[id: 0x79cfe201, L:/127.0.0.1:54088 - R:localhost/127.0.0.1:51899]' for 'POST' to 'http://localhost:51899/session/baac55e3a56664233aedcdc88d87de89/element'
2022-06-07 17:42:56.768 [Forwarding findElement on session baac55e3a56664233aedcdc88d87de89 to remote] DEBUG org.asynchttpclient.netty.request.NettyRequestSender - Using open Channel [id: 0x79cfe201, L:/127.0.0.1:54088 - R:localhost/127.0.0.1:51899] for POST '/session/baac55e3a56664233aedcdc88d87de89/element'
2022-06-07 17:42:56.830 [AsyncHttpClient-1-2] DEBUG org.asynchttpclient.netty.handler.HttpHandler - 

Request DefaultHttpRequest(decodeResult: success, version: HTTP/1.1)
POST /session/baac55e3a56664233aedcdc88d87de89/element HTTP/1.1
User-Agent: selenium/4.1.4 (java mac)
Content-Length: 129
Content-Type: application/json; charset=utf-8
host: localhost:51899
accept: */*

Response DefaultHttpResponse(decodeResult: success, version: HTTP/1.1)
HTTP/1.1 200 OK
Content-Type: application/json; charset=utf-8
cache-control: no-cache
content-length: 88

2022-06-07 17:42:56.830 [AsyncHttpClient-1-2] DEBUG org.asynchttpclient.netty.channel.ChannelManager - Adding key: http://localhost:51899 for channel [id: 0x79cfe201, L:/127.0.0.1:54088 - R:localhost/127.0.0.1:51899]
2022-06-07 17:42:56.832 [Forwarding findElement on session baac55e3a56664233aedcdc88d87de89 to remote] DEBUG org.asynchttpclient.netty.request.NettyRequestSender - Using pooled Channel '[id: 0x79cfe201, L:/127.0.0.1:54088 - R:localhost/127.0.0.1:51899]' for 'POST' to 'http://localhost:51899/session/baac55e3a56664233aedcdc88d87de89/element'
2022-06-07 17:42:56.832 [Forwarding findElement on session baac55e3a56664233aedcdc88d87de89 to remote] DEBUG org.asynchttpclient.netty.request.NettyRequestSender - Using open Channel [id: 0x79cfe201, L:/127.0.0.1:54088 - R:localhost/127.0.0.1:51899] for POST '/session/baac55e3a56664233aedcdc88d87de89/element'
2022-06-07 17:42:56.843 [AsyncHttpClient-1-2] DEBUG org.asynchttpclient.netty.handler.HttpHandler - 

Request DefaultHttpRequest(decodeResult: success, version: HTTP/1.1)
POST /session/baac55e3a56664233aedcdc88d87de89/element HTTP/1.1
User-Agent: selenium/4.1.4 (java mac)
Content-Length: 129
Content-Type: application/json; charset=utf-8
host: localhost:51899
accept: */*

Response DefaultHttpResponse(decodeResult: success, version: HTTP/1.1)
HTTP/1.1 200 OK
Content-Type: application/json; charset=utf-8
cache-control: no-cache
content-length: 88

2022-06-07 17:42:56.844 [AsyncHttpClient-1-2] DEBUG org.asynchttpclient.netty.channel.ChannelManager - Adding key: http://localhost:51899 for channel [id: 0x79cfe201, L:/127.0.0.1:54088 - R:localhost/127.0.0.1:51899]
2022-06-07 17:42:56.847 [Forwarding clickElement on session baac55e3a56664233aedcdc88d87de89 to remote] DEBUG org.asynchttpclient.netty.request.NettyRequestSender - Using pooled Channel '[id: 0x79cfe201, L:/127.0.0.1:54088 - R:localhost/127.0.0.1:51899]' for 'POST' to 'http://localhost:51899/session/baac55e3a56664233aedcdc88d87de89/element/9701674b-e5b0-4fd3-bf55-d36e35dc6f13/click'
2022-06-07 17:42:56.847 [Forwarding clickElement on session baac55e3a56664233aedcdc88d87de89 to remote] DEBUG org.asynchttpclient.netty.request.NettyRequestSender - Using open Channel [id: 0x79cfe201, L:/127.0.0.1:54088 - R:localhost/127.0.0.1:51899] for POST '/session/baac55e3a56664233aedcdc88d87de89/element/9701674b-e5b0-4fd3-bf55-d36e35dc6f13/click'
2022-06-07 17:42:56.901 [AsyncHttpClient-1-2] DEBUG org.asynchttpclient.netty.handler.HttpHandler - 

Request DefaultHttpRequest(decodeResult: success, version: HTTP/1.1)
POST /session/baac55e3a56664233aedcdc88d87de89/element/9701674b-e5b0-4fd3-bf55-d36e35dc6f13/click HTTP/1.1
User-Agent: selenium/4.1.4 (java mac)
Content-Length: 50
Content-Type: application/json; charset=utf-8
host: localhost:51899
accept: */*

Response DefaultHttpResponse(decodeResult: success, version: HTTP/1.1)
HTTP/1.1 200 OK
Content-Type: application/json; charset=utf-8
cache-control: no-cache
content-length: 14

2022-06-07 17:42:56.901 [AsyncHttpClient-1-2] DEBUG org.asynchttpclient.netty.channel.ChannelManager - Adding key: http://localhost:51899 for channel [id: 0x79cfe201, L:/127.0.0.1:54088 - R:localhost/127.0.0.1:51899]
2022-06-07 17:42:56.903 [main] INFO  Pages.BasePage - Check element with xpath exists://*[@id = 'SingleOptionSelector-0']//descendant::*[@value='Hardcover']
2022-06-07 17:42:56.904 [Forwarding findElement on session baac55e3a56664233aedcdc88d87de89 to remote] DEBUG org.asynchttpclient.netty.request.NettyRequestSender - Using pooled Channel '[id: 0x79cfe201, L:/127.0.0.1:54088 - R:localhost/127.0.0.1:51899]' for 'POST' to 'http://localhost:51899/session/baac55e3a56664233aedcdc88d87de89/element'
2022-06-07 17:42:56.905 [Forwarding findElement on session baac55e3a56664233aedcdc88d87de89 to remote] DEBUG org.asynchttpclient.netty.request.NettyRequestSender - Using open Channel [id: 0x79cfe201, L:/127.0.0.1:54088 - R:localhost/127.0.0.1:51899] for POST '/session/baac55e3a56664233aedcdc88d87de89/element'
2022-06-07 17:42:56.921 [AsyncHttpClient-1-2] DEBUG org.asynchttpclient.netty.handler.HttpHandler - 

Request DefaultHttpRequest(decodeResult: success, version: HTTP/1.1)
POST /session/baac55e3a56664233aedcdc88d87de89/element HTTP/1.1
User-Agent: selenium/4.1.4 (java mac)
Content-Length: 127
Content-Type: application/json; charset=utf-8
host: localhost:51899
accept: */*

Response DefaultHttpResponse(decodeResult: success, version: HTTP/1.1)
HTTP/1.1 200 OK
Content-Type: application/json; charset=utf-8
cache-control: no-cache
content-length: 88

2022-06-07 17:42:56.922 [AsyncHttpClient-1-2] DEBUG org.asynchttpclient.netty.channel.ChannelManager - Adding key: http://localhost:51899 for channel [id: 0x79cfe201, L:/127.0.0.1:54088 - R:localhost/127.0.0.1:51899]
2022-06-07 17:42:56.923 [main] INFO  Pages.BasePage - Clicking element with xpath//*[@id = 'SingleOptionSelector-0']//descendant::*[@value='Hardcover']
2022-06-07 17:42:56.924 [Forwarding findElement on session baac55e3a56664233aedcdc88d87de89 to remote] DEBUG org.asynchttpclient.netty.request.NettyRequestSender - Using pooled Channel '[id: 0x79cfe201, L:/127.0.0.1:54088 - R:localhost/127.0.0.1:51899]' for 'POST' to 'http://localhost:51899/session/baac55e3a56664233aedcdc88d87de89/element'
2022-06-07 17:42:56.924 [Forwarding findElement on session baac55e3a56664233aedcdc88d87de89 to remote] DEBUG org.asynchttpclient.netty.request.NettyRequestSender - Using open Channel [id: 0x79cfe201, L:/127.0.0.1:54088 - R:localhost/127.0.0.1:51899] for POST '/session/baac55e3a56664233aedcdc88d87de89/element'
2022-06-07 17:42:56.931 [AsyncHttpClient-1-2] DEBUG org.asynchttpclient.netty.handler.HttpHandler - 

Request DefaultHttpRequest(decodeResult: success, version: HTTP/1.1)
POST /session/baac55e3a56664233aedcdc88d87de89/element HTTP/1.1
User-Agent: selenium/4.1.4 (java mac)
Content-Length: 127
Content-Type: application/json; charset=utf-8
host: localhost:51899
accept: */*

Response DefaultHttpResponse(decodeResult: success, version: HTTP/1.1)
HTTP/1.1 200 OK
Content-Type: application/json; charset=utf-8
cache-control: no-cache
content-length: 88

2022-06-07 17:42:56.932 [AsyncHttpClient-1-2] DEBUG org.asynchttpclient.netty.channel.ChannelManager - Adding key: http://localhost:51899 for channel [id: 0x79cfe201, L:/127.0.0.1:54088 - R:localhost/127.0.0.1:51899]
2022-06-07 17:42:56.933 [Forwarding findElement on session baac55e3a56664233aedcdc88d87de89 to remote] DEBUG org.asynchttpclient.netty.request.NettyRequestSender - Using pooled Channel '[id: 0x79cfe201, L:/127.0.0.1:54088 - R:localhost/127.0.0.1:51899]' for 'POST' to 'http://localhost:51899/session/baac55e3a56664233aedcdc88d87de89/element'
2022-06-07 17:42:56.934 [Forwarding findElement on session baac55e3a56664233aedcdc88d87de89 to remote] DEBUG org.asynchttpclient.netty.request.NettyRequestSender - Using open Channel [id: 0x79cfe201, L:/127.0.0.1:54088 - R:localhost/127.0.0.1:51899] for POST '/session/baac55e3a56664233aedcdc88d87de89/element'
2022-06-07 17:42:57.234 [AsyncHttpClient-1-2] DEBUG org.asynchttpclient.netty.handler.HttpHandler - 

Request DefaultHttpRequest(decodeResult: success, version: HTTP/1.1)
POST /session/baac55e3a56664233aedcdc88d87de89/element HTTP/1.1
User-Agent: selenium/4.1.4 (java mac)
Content-Length: 127
Content-Type: application/json; charset=utf-8
host: localhost:51899
accept: */*

Response DefaultHttpResponse(decodeResult: success, version: HTTP/1.1)
HTTP/1.1 200 OK
Content-Type: application/json; charset=utf-8
cache-control: no-cache
content-length: 88

2022-06-07 17:42:57.235 [AsyncHttpClient-1-2] DEBUG org.asynchttpclient.netty.channel.ChannelManager - Adding key: http://localhost:51899 for channel [id: 0x79cfe201, L:/127.0.0.1:54088 - R:localhost/127.0.0.1:51899]
2022-06-07 17:42:57.238 [Forwarding clickElement on session baac55e3a56664233aedcdc88d87de89 to remote] DEBUG org.asynchttpclient.netty.request.NettyRequestSender - Using pooled Channel '[id: 0x79cfe201, L:/127.0.0.1:54088 - R:localhost/127.0.0.1:51899]' for 'POST' to 'http://localhost:51899/session/baac55e3a56664233aedcdc88d87de89/element/11ef8be7-f60d-424c-9d40-8fd4985b1eaa/click'
2022-06-07 17:42:57.238 [Forwarding clickElement on session baac55e3a56664233aedcdc88d87de89 to remote] DEBUG org.asynchttpclient.netty.request.NettyRequestSender - Using open Channel [id: 0x79cfe201, L:/127.0.0.1:54088 - R:localhost/127.0.0.1:51899] for POST '/session/baac55e3a56664233aedcdc88d87de89/element/11ef8be7-f60d-424c-9d40-8fd4985b1eaa/click'
2022-06-07 17:42:57.353 [AsyncHttpClient-1-2] DEBUG org.asynchttpclient.netty.handler.HttpHandler - 

Request DefaultHttpRequest(decodeResult: success, version: HTTP/1.1)
POST /session/baac55e3a56664233aedcdc88d87de89/element/11ef8be7-f60d-424c-9d40-8fd4985b1eaa/click HTTP/1.1
User-Agent: selenium/4.1.4 (java mac)
Content-Length: 50
Content-Type: application/json; charset=utf-8
host: localhost:51899
accept: */*

Response DefaultHttpResponse(decodeResult: success, version: HTTP/1.1)
HTTP/1.1 200 OK
Content-Type: application/json; charset=utf-8
cache-control: no-cache
content-length: 14

2022-06-07 17:42:57.353 [AsyncHttpClient-1-2] DEBUG org.asynchttpclient.netty.channel.ChannelManager - Adding key: http://localhost:51899 for channel [id: 0x79cfe201, L:/127.0.0.1:54088 - R:localhost/127.0.0.1:51899]
2022-06-07 17:42:57.356 [Forwarding screenshot on session baac55e3a56664233aedcdc88d87de89 to remote] DEBUG org.asynchttpclient.netty.request.NettyRequestSender - Using pooled Channel '[id: 0x79cfe201, L:/127.0.0.1:54088 - R:localhost/127.0.0.1:51899]' for 'GET' to 'http://localhost:51899/session/baac55e3a56664233aedcdc88d87de89/screenshot'
2022-06-07 17:42:57.357 [Forwarding screenshot on session baac55e3a56664233aedcdc88d87de89 to remote] DEBUG org.asynchttpclient.netty.request.NettyRequestSender - Using open Channel [id: 0x79cfe201, L:/127.0.0.1:54088 - R:localhost/127.0.0.1:51899] for GET '/session/baac55e3a56664233aedcdc88d87de89/screenshot'
2022-06-07 17:42:57.848 [AsyncHttpClient-1-1] DEBUG org.asynchttpclient.netty.channel.DefaultChannelPool - Entry count for : http://localhost:54097 : 1
2022-06-07 17:42:57.906 [AsyncHttpClient-1-2] DEBUG org.asynchttpclient.netty.handler.HttpHandler - 

Request DefaultFullHttpRequest(decodeResult: success, version: HTTP/1.1, content: EmptyByteBufBE)
GET /session/baac55e3a56664233aedcdc88d87de89/screenshot HTTP/1.1
User-Agent: selenium/4.1.4 (java mac)
Cache-Control: no-cache
Content-Type: application/json; charset=utf-8
host: localhost:51899
accept: */*

Response DefaultHttpResponse(decodeResult: success, version: HTTP/1.1)
HTTP/1.1 200 OK
Content-Type: application/json; charset=utf-8
cache-control: no-cache
content-length: 1225496

2022-06-07 17:42:57.914 [AsyncHttpClient-1-2] DEBUG org.asynchttpclient.netty.channel.ChannelManager - Adding key: http://localhost:51899 for channel [id: 0x79cfe201, L:/127.0.0.1:54088 - R:localhost/127.0.0.1:51899]
2022-06-07 17:42:57.971 [Forwarding close on session baac55e3a56664233aedcdc88d87de89 to remote] DEBUG org.asynchttpclient.netty.request.NettyRequestSender - Using pooled Channel '[id: 0x79cfe201, L:/127.0.0.1:54088 - R:localhost/127.0.0.1:51899]' for 'DELETE' to 'http://localhost:51899/session/baac55e3a56664233aedcdc88d87de89/window'
2022-06-07 17:42:57.971 [Forwarding close on session baac55e3a56664233aedcdc88d87de89 to remote] DEBUG org.asynchttpclient.netty.request.NettyRequestSender - Using open Channel [id: 0x79cfe201, L:/127.0.0.1:54088 - R:localhost/127.0.0.1:51899] for DELETE '/session/baac55e3a56664233aedcdc88d87de89/window'
2022-06-07 17:42:58.042 [AsyncHttpClient-1-3] DEBUG org.asynchttpclient.netty.handler.HttpHandler - Channel Closed: [id: 0x939dc3b5, L:/127.0.0.1:54126 ! R:localhost/127.0.0.1:54097] with attribute DISCARD
2022-06-07 17:42:58.042 [AsyncHttpClient-1-4] DEBUG org.asynchttpclient.netty.handler.WebSocketHandler - Channel Closed: [id: 0xb61c38c2, L:/127.0.0.1:54127 ! R:localhost/127.0.0.1:54097] with attribute NettyResponseFuture{currentRetry=5,
	isDone=1,
	isCancelled=0,
	asyncHandler=org.asynchttpclient.ws.WebSocketUpgradeHandler@78ae89d8,
	nettyRequest=org.asynchttpclient.netty.request.NettyRequest@40ee187c,
	future=java.util.concurrent.CompletableFuture@687bdc38[Completed normally],
	uri=ws://localhost:54097/devtools/browser/b0551887-e5ef-4d4e-a218-109265c63801,
	keepAlive=true,
	redirectCount=0,
	timeoutsHolder=null,
	inAuth=0,
	touch=1654638168856}
2022-06-07 17:42:58.043 [AsyncHttpClient-1-4] DEBUG org.asynchttpclient.netty.channel.ChannelManager - Closing Channel [id: 0xb61c38c2, L:/127.0.0.1:54127 ! R:localhost/127.0.0.1:54097] 
2022-06-07 17:42:58.069 [AsyncHttpClient-1-2] DEBUG org.asynchttpclient.netty.handler.HttpHandler - 

Request DefaultFullHttpRequest(decodeResult: success, version: HTTP/1.1, content: EmptyByteBufBE)
DELETE /session/baac55e3a56664233aedcdc88d87de89/window HTTP/1.1
User-Agent: selenium/4.1.4 (java mac)
Content-Type: application/json; charset=utf-8
host: localhost:51899
accept: */*

Response DefaultHttpResponse(decodeResult: success, version: HTTP/1.1)
HTTP/1.1 200 OK
Content-Type: application/json; charset=utf-8
cache-control: no-cache
content-length: 12

2022-06-07 17:42:58.070 [AsyncHttpClient-1-2] DEBUG org.asynchttpclient.netty.channel.ChannelManager - Adding key: http://localhost:51899 for channel [id: 0x79cfe201, L:/127.0.0.1:54088 - R:localhost/127.0.0.1:51899]
